This is pdfTeX, Version 3.14159265-2.6-1.40.20 (TeX Live 2019) (preloaded format=pdflatex 2019.10.23)  24 OCT 2019 16:43
entering extended mode
 restricted \write18 enabled.
 %&-line parsing enabled.
**Report.tex
(./Report.tex
LaTeX2e <2018-12-01>
(/home/barefootbushman/.TinyTeX/texmf-dist/tex/latex/base/article.cls
Document Class: article 2018/09/03 v1.4i Standard LaTeX document class
(/home/barefootbushman/.TinyTeX/texmf-dist/tex/latex/base/size10.clo
File: size10.clo 2018/09/03 v1.4i Standard LaTeX file (size option)
)
\c@part=\count80
\c@section=\count81
\c@subsection=\count82
\c@subsubsection=\count83
\c@paragraph=\count84
\c@subparagraph=\count85
\c@figure=\count86
\c@table=\count87
\abovecaptionskip=\skip41
\belowcaptionskip=\skip42
\bibindent=\dimen102
) (/home/barefootbushman/.TinyTeX/texmf-dist/tex/latex/lm/lmodern.sty
Package: lmodern 2009/10/30 v1.6 Latin Modern Fonts
LaTeX Font Info:    Overwriting symbol font `operators' in version `normal'
(Font)                  OT1/cmr/m/n --> OT1/lmr/m/n on input line 22.
LaTeX Font Info:    Overwriting symbol font `letters' in version `normal'
(Font)                  OML/cmm/m/it --> OML/lmm/m/it on input line 23.
LaTeX Font Info:    Overwriting symbol font `symbols' in version `normal'
(Font)                  OMS/cmsy/m/n --> OMS/lmsy/m/n on input line 24.
LaTeX Font Info:    Overwriting symbol font `largesymbols' in version `normal'
(Font)                  OMX/cmex/m/n --> OMX/lmex/m/n on input line 25.
LaTeX Font Info:    Overwriting symbol font `operators' in version `bold'
(Font)                  OT1/cmr/bx/n --> OT1/lmr/bx/n on input line 26.
LaTeX Font Info:    Overwriting symbol font `letters' in version `bold'
(Font)                  OML/cmm/b/it --> OML/lmm/b/it on input line 27.
LaTeX Font Info:    Overwriting symbol font `symbols' in version `bold'
(Font)                  OMS/cmsy/b/n --> OMS/lmsy/b/n on input line 28.
LaTeX Font Info:    Overwriting symbol font `largesymbols' in version `bold'
(Font)                  OMX/cmex/m/n --> OMX/lmex/m/n on input line 29.
LaTeX Font Info:    Overwriting math alphabet `\mathbf' in version `normal'
(Font)                  OT1/cmr/bx/n --> OT1/lmr/bx/n on input line 31.
LaTeX Font Info:    Overwriting math alphabet `\mathsf' in version `normal'
(Font)                  OT1/cmss/m/n --> OT1/lmss/m/n on input line 32.
LaTeX Font Info:    Overwriting math alphabet `\mathit' in version `normal'
(Font)                  OT1/cmr/m/it --> OT1/lmr/m/it on input line 33.
LaTeX Font Info:    Overwriting math alphabet `\mathtt' in version `normal'
(Font)                  OT1/cmtt/m/n --> OT1/lmtt/m/n on input line 34.
LaTeX Font Info:    Overwriting math alphabet `\mathbf' in version `bold'
(Font)                  OT1/cmr/bx/n --> OT1/lmr/bx/n on input line 35.
LaTeX Font Info:    Overwriting math alphabet `\mathsf' in version `bold'
(Font)                  OT1/cmss/bx/n --> OT1/lmss/bx/n on input line 36.
LaTeX Font Info:    Overwriting math alphabet `\mathit' in version `bold'
(Font)                  OT1/cmr/bx/it --> OT1/lmr/bx/it on input line 37.
LaTeX Font Info:    Overwriting math alphabet `\mathtt' in version `bold'
(Font)                  OT1/cmtt/m/n --> OT1/lmtt/m/n on input line 38.
) (/home/barefootbushman/.TinyTeX/texmf-dist/tex/latex/amsfonts/amssymb.sty
Package: amssymb 2013/01/14 v3.01 AMS font symbols
(/home/barefootbushman/.TinyTeX/texmf-dist/tex/latex/amsfonts/amsfonts.sty
Package: amsfonts 2013/01/14 v3.01 Basic AMSFonts support
\@emptytoks=\toks14
\symAMSa=\mathgroup4
\symAMSb=\mathgroup5
LaTeX Font Info:    Overwriting math alphabet `\mathfrak' in version `bold'
(Font)                  U/euf/m/n --> U/euf/b/n on input line 106.
)) (/home/barefootbushman/.TinyTeX/texmf-dist/tex/latex/amsmath/amsmath.sty
Package: amsmath 2018/12/01 v2.17b AMS math features
\@mathmargin=\skip43
For additional information on amsmath, use the `?' option.
(/home/barefootbushman/.TinyTeX/texmf-dist/tex/latex/amsmath/amstext.sty
Package: amstext 2000/06/29 v2.01 AMS text
(/home/barefootbushman/.TinyTeX/texmf-dist/tex/latex/amsmath/amsgen.sty
File: amsgen.sty 1999/11/30 v2.0 generic functions
\@emptytoks=\toks15
\ex@=\dimen103
)) (/home/barefootbushman/.TinyTeX/texmf-dist/tex/latex/amsmath/amsbsy.sty
Package: amsbsy 1999/11/29 v1.2d Bold Symbols
\pmbraise@=\dimen104
) (/home/barefootbushman/.TinyTeX/texmf-dist/tex/latex/amsmath/amsopn.sty
Package: amsopn 2016/03/08 v2.02 operator names
)
\inf@bad=\count88
LaTeX Info: Redefining \frac on input line 223.
\uproot@=\count89
\leftroot@=\count90
LaTeX Info: Redefining \overline on input line 385.
\classnum@=\count91
\DOTSCASE@=\count92
LaTeX Info: Redefining \ldots on input line 482.
LaTeX Info: Redefining \dots on input line 485.
LaTeX Info: Redefining \cdots on input line 606.
\Mathstrutbox@=\box27
\strutbox@=\box28
\big@size=\dimen105
LaTeX Font Info:    Redeclaring font encoding OML on input line 729.
LaTeX Font Info:    Redeclaring font encoding OMS on input line 730.
\macc@depth=\count93
\c@MaxMatrixCols=\count94
\dotsspace@=\muskip10
\c@parentequation=\count95
\dspbrk@lvl=\count96
\tag@help=\toks16
\row@=\count97
\column@=\count98
\maxfields@=\count99
\andhelp@=\toks17
\eqnshift@=\dimen106
\alignsep@=\dimen107
\tagshift@=\dimen108
\tagwidth@=\dimen109
\totwidth@=\dimen110
\lineht@=\dimen111
\@envbody=\toks18
\multlinegap=\skip44
\multlinetaggap=\skip45
\mathdisplay@stack=\toks19
LaTeX Info: Redefining \[ on input line 2844.
LaTeX Info: Redefining \] on input line 2845.
) (/home/barefootbushman/.TinyTeX/texmf-dist/tex/generic/ifxetex/ifxetex.sty
Package: ifxetex 2010/09/12 v0.6 Provides ifxetex conditional
) (/home/barefootbushman/.TinyTeX/texmf-dist/tex/generic/oberdiek/ifluatex.sty
Package: ifluatex 2016/05/16 v1.4 Provides the ifluatex switch (HO)
Package ifluatex Info: LuaTeX not detected.
) (/home/barefootbushman/.TinyTeX/texmf-dist/tex/latex/base/fixltx2e.sty
Package: fixltx2e 2016/12/29 v2.1a fixes to LaTeX (obsolete)
Applying: [2015/01/01] Old fixltx2e package on input line 46.

Package fixltx2e Warning: fixltx2e is not required with releases after 2015
(fixltx2e)                All fixes are now in the LaTeX kernel.
(fixltx2e)                See the latexrelease package for details.

Already applied: [0000/00/00] Old fixltx2e package on input line 53.
) (/home/barefootbushman/.TinyTeX/texmf-dist/tex/latex/base/fontenc.sty
Package: fontenc 2018/08/11 v2.0j Standard LaTeX package
(/home/barefootbushman/.TinyTeX/texmf-dist/tex/latex/base/t1enc.def
File: t1enc.def 2018/08/11 v2.0j Standard LaTeX file
LaTeX Font Info:    Redeclaring font encoding T1 on input line 48.
)) (/home/barefootbushman/.TinyTeX/texmf-dist/tex/latex/base/inputenc.sty
Package: inputenc 2018/08/11 v1.3c Input encoding file
\inpenc@prehook=\toks20
\inpenc@posthook=\toks21
) (/home/barefootbushman/.TinyTeX/texmf-dist/tex/latex/upquote/upquote.sty
Package: upquote 2012/04/19 v1.3 upright-quote and grave-accent glyphs in verba
tim
(/home/barefootbushman/.TinyTeX/texmf-dist/tex/latex/base/textcomp.sty
Package: textcomp 2018/08/11 v2.0j Standard LaTeX package
Package textcomp Info: Sub-encoding information:
(textcomp)               5 = only ISO-Adobe without \textcurrency
(textcomp)               4 = 5 + \texteuro
(textcomp)               3 = 4 + \textohm
(textcomp)               2 = 3 + \textestimated + \textcurrency
(textcomp)               1 = TS1 - \textcircled - \t
(textcomp)               0 = TS1 (full)
(textcomp)             Font families with sub-encoding setting implement
(textcomp)             only a restricted character set as indicated.
(textcomp)             Family '?' is the default used for unknown fonts.
(textcomp)             See the documentation for details.
Package textcomp Info: Setting ? sub-encoding to TS1/1 on input line 79.
(/home/barefootbushman/.TinyTeX/texmf-dist/tex/latex/base/ts1enc.def
File: ts1enc.def 2001/06/05 v3.0e (jk/car/fm) Standard LaTeX file
Now handling font encoding TS1 ...
... processing UTF-8 mapping file for font encoding TS1
(/home/barefootbushman/.TinyTeX/texmf-dist/tex/latex/base/ts1enc.dfu
File: ts1enc.dfu 2018/10/05 v1.2f UTF-8 support for inputenc
   defining Unicode char U+00A2 (decimal 162)
   defining Unicode char U+00A3 (decimal 163)
   defining Unicode char U+00A4 (decimal 164)
   defining Unicode char U+00A5 (decimal 165)
   defining Unicode char U+00A6 (decimal 166)
   defining Unicode char U+00A7 (decimal 167)
   defining Unicode char U+00A8 (decimal 168)
   defining Unicode char U+00A9 (decimal 169)
   defining Unicode char U+00AA (decimal 170)
   defining Unicode char U+00AC (decimal 172)
   defining Unicode char U+00AE (decimal 174)
   defining Unicode char U+00AF (decimal 175)
   defining Unicode char U+00B0 (decimal 176)
   defining Unicode char U+00B1 (decimal 177)
   defining Unicode char U+00B2 (decimal 178)
   defining Unicode char U+00B3 (decimal 179)
   defining Unicode char U+00B4 (decimal 180)
   defining Unicode char U+00B5 (decimal 181)
   defining Unicode char U+00B6 (decimal 182)
   defining Unicode char U+00B7 (decimal 183)
   defining Unicode char U+00B9 (decimal 185)
   defining Unicode char U+00BA (decimal 186)
   defining Unicode char U+00BC (decimal 188)
   defining Unicode char U+00BD (decimal 189)
   defining Unicode char U+00BE (decimal 190)
   defining Unicode char U+00D7 (decimal 215)
   defining Unicode char U+00F7 (decimal 247)
   defining Unicode char U+0192 (decimal 402)
   defining Unicode char U+02C7 (decimal 711)
   defining Unicode char U+02D8 (decimal 728)
   defining Unicode char U+02DD (decimal 733)
   defining Unicode char U+0E3F (decimal 3647)
   defining Unicode char U+2016 (decimal 8214)
   defining Unicode char U+2020 (decimal 8224)
   defining Unicode char U+2021 (decimal 8225)
   defining Unicode char U+2022 (decimal 8226)
   defining Unicode char U+2030 (decimal 8240)
   defining Unicode char U+2031 (decimal 8241)
   defining Unicode char U+203B (decimal 8251)
   defining Unicode char U+203D (decimal 8253)
   defining Unicode char U+2044 (decimal 8260)
   defining Unicode char U+204E (decimal 8270)
   defining Unicode char U+2052 (decimal 8274)
   defining Unicode char U+20A1 (decimal 8353)
   defining Unicode char U+20A4 (decimal 8356)
   defining Unicode char U+20A6 (decimal 8358)
   defining Unicode char U+20A9 (decimal 8361)
   defining Unicode char U+20AB (decimal 8363)
   defining Unicode char U+20AC (decimal 8364)
   defining Unicode char U+20B1 (decimal 8369)
   defining Unicode char U+2103 (decimal 8451)
   defining Unicode char U+2116 (decimal 8470)
   defining Unicode char U+2117 (decimal 8471)
   defining Unicode char U+211E (decimal 8478)
   defining Unicode char U+2120 (decimal 8480)
   defining Unicode char U+2122 (decimal 8482)
   defining Unicode char U+2126 (decimal 8486)
   defining Unicode char U+2127 (decimal 8487)
   defining Unicode char U+212E (decimal 8494)
   defining Unicode char U+2190 (decimal 8592)
   defining Unicode char U+2191 (decimal 8593)
   defining Unicode char U+2192 (decimal 8594)
   defining Unicode char U+2193 (decimal 8595)
   defining Unicode char U+2329 (decimal 9001)
   defining Unicode char U+232A (decimal 9002)
   defining Unicode char U+2422 (decimal 9250)
   defining Unicode char U+25E6 (decimal 9702)
   defining Unicode char U+25EF (decimal 9711)
   defining Unicode char U+266A (decimal 9834)
   defining Unicode char U+FEFF (decimal 65279)
))
LaTeX Info: Redefining \oldstylenums on input line 334.
Package textcomp Info: Setting cmr sub-encoding to TS1/0 on input line 349.
Package textcomp Info: Setting cmss sub-encoding to TS1/0 on input line 350.
Package textcomp Info: Setting cmtt sub-encoding to TS1/0 on input line 351.
Package textcomp Info: Setting cmvtt sub-encoding to TS1/0 on input line 352.
Package textcomp Info: Setting cmbr sub-encoding to TS1/0 on input line 353.
Package textcomp Info: Setting cmtl sub-encoding to TS1/0 on input line 354.
Package textcomp Info: Setting ccr sub-encoding to TS1/0 on input line 355.
Package textcomp Info: Setting ptm sub-encoding to TS1/4 on input line 356.
Package textcomp Info: Setting pcr sub-encoding to TS1/4 on input line 357.
Package textcomp Info: Setting phv sub-encoding to TS1/4 on input line 358.
Package textcomp Info: Setting ppl sub-encoding to TS1/3 on input line 359.
Package textcomp Info: Setting pag sub-encoding to TS1/4 on input line 360.
Package textcomp Info: Setting pbk sub-encoding to TS1/4 on input line 361.
Package textcomp Info: Setting pnc sub-encoding to TS1/4 on input line 362.
Package textcomp Info: Setting pzc sub-encoding to TS1/4 on input line 363.
Package textcomp Info: Setting bch sub-encoding to TS1/4 on input line 364.
Package textcomp Info: Setting put sub-encoding to TS1/5 on input line 365.
Package textcomp Info: Setting uag sub-encoding to TS1/5 on input line 366.
Package textcomp Info: Setting ugq sub-encoding to TS1/5 on input line 367.
Package textcomp Info: Setting ul8 sub-encoding to TS1/4 on input line 368.
Package textcomp Info: Setting ul9 sub-encoding to TS1/4 on input line 369.
Package textcomp Info: Setting augie sub-encoding to TS1/5 on input line 370.
Package textcomp Info: Setting dayrom sub-encoding to TS1/3 on input line 371.
Package textcomp Info: Setting dayroms sub-encoding to TS1/3 on input line 372.

Package textcomp Info: Setting pxr sub-encoding to TS1/0 on input line 373.
Package textcomp Info: Setting pxss sub-encoding to TS1/0 on input line 374.
Package textcomp Info: Setting pxtt sub-encoding to TS1/0 on input line 375.
Package textcomp Info: Setting txr sub-encoding to TS1/0 on input line 376.
Package textcomp Info: Setting txss sub-encoding to TS1/0 on input line 377.
Package textcomp Info: Setting txtt sub-encoding to TS1/0 on input line 378.
Package textcomp Info: Setting lmr sub-encoding to TS1/0 on input line 379.
Package textcomp Info: Setting lmdh sub-encoding to TS1/0 on input line 380.
Package textcomp Info: Setting lmss sub-encoding to TS1/0 on input line 381.
Package textcomp Info: Setting lmssq sub-encoding to TS1/0 on input line 382.
Package textcomp Info: Setting lmvtt sub-encoding to TS1/0 on input line 383.
Package textcomp Info: Setting lmtt sub-encoding to TS1/0 on input line 384.
Package textcomp Info: Setting qhv sub-encoding to TS1/0 on input line 385.
Package textcomp Info: Setting qag sub-encoding to TS1/0 on input line 386.
Package textcomp Info: Setting qbk sub-encoding to TS1/0 on input line 387.
Package textcomp Info: Setting qcr sub-encoding to TS1/0 on input line 388.
Package textcomp Info: Setting qcs sub-encoding to TS1/0 on input line 389.
Package textcomp Info: Setting qpl sub-encoding to TS1/0 on input line 390.
Package textcomp Info: Setting qtm sub-encoding to TS1/0 on input line 391.
Package textcomp Info: Setting qzc sub-encoding to TS1/0 on input line 392.
Package textcomp Info: Setting qhvc sub-encoding to TS1/0 on input line 393.
Package textcomp Info: Setting futs sub-encoding to TS1/4 on input line 394.
Package textcomp Info: Setting futx sub-encoding to TS1/4 on input line 395.
Package textcomp Info: Setting futj sub-encoding to TS1/4 on input line 396.
Package textcomp Info: Setting hlh sub-encoding to TS1/3 on input line 397.
Package textcomp Info: Setting hls sub-encoding to TS1/3 on input line 398.
Package textcomp Info: Setting hlst sub-encoding to TS1/3 on input line 399.
Package textcomp Info: Setting hlct sub-encoding to TS1/5 on input line 400.
Package textcomp Info: Setting hlx sub-encoding to TS1/5 on input line 401.
Package textcomp Info: Setting hlce sub-encoding to TS1/5 on input line 402.
Package textcomp Info: Setting hlcn sub-encoding to TS1/5 on input line 403.
Package textcomp Info: Setting hlcw sub-encoding to TS1/5 on input line 404.
Package textcomp Info: Setting hlcf sub-encoding to TS1/5 on input line 405.
Package textcomp Info: Setting pplx sub-encoding to TS1/3 on input line 406.
Package textcomp Info: Setting pplj sub-encoding to TS1/3 on input line 407.
Package textcomp Info: Setting ptmx sub-encoding to TS1/4 on input line 408.
Package textcomp Info: Setting ptmj sub-encoding to TS1/4 on input line 409.
)) (/home/barefootbushman/.TinyTeX/texmf-dist/tex/latex/microtype/microtype.sty
Package: microtype 2019/10/10 v2.7c Micro-typographical refinements (RS)
(/home/barefootbushman/.TinyTeX/texmf-dist/tex/latex/graphics/keyval.sty
Package: keyval 2014/10/28 v1.15 key=value parser (DPC)
\KV@toks@=\toks22
)
\MT@toks=\toks23
\MT@count=\count100
LaTeX Info: Redefining \textls on input line 790.
\MT@outer@kern=\dimen112
LaTeX Info: Redefining \textmicrotypecontext on input line 1347.
\MT@listname@count=\count101

(/home/barefootbushman/.TinyTeX/texmf-dist/tex/latex/microtype/microtype-pdftex
.def
File: microtype-pdftex.def 2019/10/10 v2.7c Definitions specific to pdftex (RS)

LaTeX Info: Redefining \lsstyle on input line 914.
LaTeX Info: Redefining \lslig on input line 914.
\MT@outer@space=\skip46
)
Package microtype Info: Loading configuration file microtype.cfg.
(/home/barefootbushman/.TinyTeX/texmf-dist/tex/latex/microtype/microtype.cfg
File: microtype.cfg 2019/10/10 v2.7c microtype main configuration file (RS)
)) (/home/barefootbushman/.TinyTeX/texmf-dist/tex/latex/geometry/geometry.sty
Package: geometry 2018/04/16 v5.8 Page Geometry
(/home/barefootbushman/.TinyTeX/texmf-dist/tex/generic/oberdiek/ifpdf.sty
Package: ifpdf 2018/09/07 v3.3 Provides the ifpdf switch
) (/home/barefootbushman/.TinyTeX/texmf-dist/tex/generic/oberdiek/ifvtex.sty
Package: ifvtex 2016/05/16 v1.6 Detect VTeX and its facilities (HO)
Package ifvtex Info: VTeX not detected.
)
\Gm@cnth=\count102
\Gm@cntv=\count103
\c@Gm@tempcnt=\count104
\Gm@bindingoffset=\dimen113
\Gm@wd@mp=\dimen114
\Gm@odd@mp=\dimen115
\Gm@even@mp=\dimen116
\Gm@layoutwidth=\dimen117
\Gm@layoutheight=\dimen118
\Gm@layouthoffset=\dimen119
\Gm@layoutvoffset=\dimen120
\Gm@dimlist=\toks24
) (/home/barefootbushman/.TinyTeX/texmf-dist/tex/latex/hyperref/hyperref.sty
Package: hyperref 2019/09/12 v6.88i Hypertext links for LaTeX

(/home/barefootbushman/.TinyTeX/texmf-dist/tex/generic/oberdiek/hobsub-hyperref
.sty
Package: hobsub-hyperref 2016/05/16 v1.14 Bundle oberdiek, subset hyperref (HO)


(/home/barefootbushman/.TinyTeX/texmf-dist/tex/generic/oberdiek/hobsub-generic.
sty
Package: hobsub-generic 2016/05/16 v1.14 Bundle oberdiek, subset generic (HO)
Package: hobsub 2016/05/16 v1.14 Construct package bundles (HO)
Package: infwarerr 2016/05/16 v1.4 Providing info/warning/error messages (HO)
Package: ltxcmds 2016/05/16 v1.23 LaTeX kernel commands for general use (HO)
Package hobsub Info: Skipping package `ifluatex' (already loaded).
Package hobsub Info: Skipping package `ifvtex' (already loaded).
Package: intcalc 2016/05/16 v1.2 Expandable calculations with integers (HO)
Package hobsub Info: Skipping package `ifpdf' (already loaded).
Package: etexcmds 2016/05/16 v1.6 Avoid name clashes with e-TeX commands (HO)
Package: kvsetkeys 2016/05/16 v1.17 Key value parser (HO)
Package: kvdefinekeys 2016/05/16 v1.4 Define keys (HO)
Package: pdftexcmds 2019/07/25 v0.30 Utility functions of pdfTeX for LuaTeX (HO
)
Package pdftexcmds Info: LuaTeX not detected.
Package pdftexcmds Info: \pdf@primitive is available.
Package pdftexcmds Info: \pdf@ifprimitive is available.
Package pdftexcmds Info: \pdfdraftmode found.
Package: pdfescape 2016/05/16 v1.14 Implements pdfTeX's escape features (HO)
Package: bigintcalc 2016/05/16 v1.4 Expandable calculations on big integers (HO
)
Package: bitset 2016/05/16 v1.2 Handle bit-vector datatype (HO)
Package: uniquecounter 2016/05/16 v1.3 Provide unlimited unique counter (HO)
)
Package hobsub Info: Skipping package `hobsub' (already loaded).
Package: letltxmacro 2016/05/16 v1.5 Let assignment for LaTeX macros (HO)
Package: hopatch 2016/05/16 v1.3 Wrapper for package hooks (HO)
Package: xcolor-patch 2016/05/16 xcolor patch
Package: atveryend 2016/05/16 v1.9 Hooks at the very end of document (HO)
Package atveryend Info: \enddocument detected (standard20110627).
Package: atbegshi 2016/06/09 v1.18 At begin shipout hook (HO)
Package: refcount 2016/05/16 v3.5 Data extraction from label references (HO)
Package: hycolor 2016/05/16 v1.8 Color options for hyperref/bookmark (HO)
) (/home/barefootbushman/.TinyTeX/texmf-dist/tex/latex/oberdiek/auxhook.sty
Package: auxhook 2016/05/16 v1.4 Hooks for auxiliary files (HO)
) (/home/barefootbushman/.TinyTeX/texmf-dist/tex/latex/oberdiek/kvoptions.sty
Package: kvoptions 2016/05/16 v3.12 Key value format for package options (HO)
)
\@linkdim=\dimen121
\Hy@linkcounter=\count105
\Hy@pagecounter=\count106
(/home/barefootbushman/.TinyTeX/texmf-dist/tex/latex/hyperref/pd1enc.def
File: pd1enc.def 2019/09/12 v6.88i Hyperref: PDFDocEncoding definition (HO)
Now handling font encoding PD1 ...
... no UTF-8 mapping file for font encoding PD1
)
\Hy@SavedSpaceFactor=\count107
(/home/barefootbushman/.TinyTeX/texmf-dist/tex/latex/latexconfig/hyperref.cfg
File: hyperref.cfg 2002/06/06 v1.2 hyperref configuration of TeXLive
)
Package hyperref Info: Hyper figures OFF on input line 4550.
Package hyperref Info: Link nesting OFF on input line 4555.
Package hyperref Info: Hyper index ON on input line 4558.
Package hyperref Info: Plain pages OFF on input line 4565.
Package hyperref Info: Backreferencing OFF on input line 4570.
Package hyperref Info: Implicit mode ON; LaTeX internals redefined.
Package hyperref Info: Bookmarks ON on input line 4803.
\c@Hy@tempcnt=\count108
(/home/barefootbushman/.TinyTeX/texmf-dist/tex/latex/url/url.sty
\Urlmuskip=\muskip11
Package: url 2013/09/16  ver 3.4  Verb mode for urls, etc.
)
LaTeX Info: Redefining \url on input line 5156.
\XeTeXLinkMargin=\dimen122
\Fld@menulength=\count109
\Field@Width=\dimen123
\Fld@charsize=\dimen124
Package hyperref Info: Hyper figures OFF on input line 6411.
Package hyperref Info: Link nesting OFF on input line 6416.
Package hyperref Info: Hyper index ON on input line 6419.
Package hyperref Info: backreferencing OFF on input line 6426.
Package hyperref Info: Link coloring OFF on input line 6431.
Package hyperref Info: Link coloring with OCG OFF on input line 6436.
Package hyperref Info: PDF/A mode OFF on input line 6441.
LaTeX Info: Redefining \ref on input line 6481.
LaTeX Info: Redefining \pageref on input line 6485.
\Hy@abspage=\count110
\c@Item=\count111
\c@Hfootnote=\count112
)
Package hyperref Info: Driver (autodetected): hpdftex.
(/home/barefootbushman/.TinyTeX/texmf-dist/tex/latex/hyperref/hpdftex.def
File: hpdftex.def 2019/09/12 v6.88i Hyperref driver for pdfTeX
\Fld@listcount=\count113
\c@bookmark@seq@number=\count114

(/home/barefootbushman/.TinyTeX/texmf-dist/tex/latex/oberdiek/rerunfilecheck.st
y
Package: rerunfilecheck 2016/05/16 v1.8 Rerun checks for auxiliary files (HO)
Package uniquecounter Info: New unique counter `rerunfilecheck' on input line 2
82.
)
\Hy@SectionHShift=\skip47
)
Package hyperref Info: Option `unicode' set `true' on input line 30.
(/home/barefootbushman/.TinyTeX/texmf-dist/tex/latex/hyperref/puenc.def
File: puenc.def 2019/09/12 v6.88i Hyperref: PDF Unicode definition (HO)
Now handling font encoding PU ...
... no UTF-8 mapping file for font encoding PU
)
Package hyperref Info: Option `breaklinks' set `true' on input line 30.
(/home/barefootbushman/.TinyTeX/texmf-dist/tex/latex/tools/longtable.sty
Package: longtable 2014/10/28 v4.11 Multi-page Table package (DPC)+ FMi change
\LTleft=\skip48
\LTright=\skip49
\LTpre=\skip50
\LTpost=\skip51
\LTchunksize=\count115
\LTcapwidth=\dimen125
\LT@head=\box29
\LT@firsthead=\box30
\LT@foot=\box31
\LT@lastfoot=\box32
\LT@cols=\count116
\LT@rows=\count117
\c@LT@tables=\count118
\c@LT@chunks=\count119
\LT@p@ftn=\toks25
) (/home/barefootbushman/.TinyTeX/texmf-dist/tex/latex/booktabs/booktabs.sty
Package: booktabs 2016/04/27 v1.618033 publication quality tables
\heavyrulewidth=\dimen126
\lightrulewidth=\dimen127
\cmidrulewidth=\dimen128
\belowrulesep=\dimen129
\belowbottomsep=\dimen130
\aboverulesep=\dimen131
\abovetopsep=\dimen132
\cmidrulesep=\dimen133
\cmidrulekern=\dimen134
\defaultaddspace=\dimen135
\@cmidla=\count120
\@cmidlb=\count121
\@aboverulesep=\dimen136
\@belowrulesep=\dimen137
\@thisruleclass=\count122
\@lastruleclass=\count123
\@thisrulewidth=\dimen138
) (/home/barefootbushman/.TinyTeX/texmf-dist/tex/latex/graphics/graphicx.sty
Package: graphicx 2017/06/01 v1.1a Enhanced LaTeX Graphics (DPC,SPQR)
(/home/barefootbushman/.TinyTeX/texmf-dist/tex/latex/graphics/graphics.sty
Package: graphics 2017/06/25 v1.2c Standard LaTeX Graphics (DPC,SPQR)
(/home/barefootbushman/.TinyTeX/texmf-dist/tex/latex/graphics/trig.sty
Package: trig 2016/01/03 v1.10 sin cos tan (DPC)
) (/home/barefootbushman/.TinyTeX/texmf-dist/tex/latex/graphics-cfg/graphics.cf
g
File: graphics.cfg 2016/06/04 v1.11 sample graphics configuration
)
Package graphics Info: Driver file: pdftex.def on input line 99.
(/home/barefootbushman/.TinyTeX/texmf-dist/tex/latex/graphics-def/pdftex.def
File: pdftex.def 2018/01/08 v1.0l Graphics/color driver for pdftex
))
\Gin@req@height=\dimen139
\Gin@req@width=\dimen140
) (/home/barefootbushman/.TinyTeX/texmf-dist/tex/latex/oberdiek/grffile.sty
Package: grffile 2017/06/30 v1.18 Extended file name support for graphics (HO)
Package grffile Info: Option `multidot' is set to `true'.
Package grffile Info: Option `extendedchars' is set to `false'.
Package grffile Info: Option `space' is set to `true'.
Package grffile Info: \Gin@ii of package `graphicx' fixed on input line 494.
) (/home/barefootbushman/.TinyTeX/texmf-dist/tex/latex/titling/titling.sty
Package: titling 2009/09/04 v2.1d maketitle typesetting
\thanksmarkwidth=\skip52
\thanksmargin=\skip53
\droptitle=\skip54
) (/home/barefootbushman/.TinyTeX/texmf-dist/tex/latex/tools/array.sty
Package: array 2018/12/30 v2.4k Tabular extension package (FMi)
\col@sep=\dimen141
\ar@mcellbox=\box33
\extrarowheight=\dimen142
\NC@list=\toks26
\extratabsurround=\skip55
\backup@length=\skip56
\ar@cellbox=\box34
) (/home/barefootbushman/.TinyTeX/texmf-dist/tex/latex/multirow/multirow.sty
Package: multirow 2019/05/31 v2.5 Span multiple rows of a table
\multirow@colwidth=\skip57
\multirow@cntb=\count124
\multirow@dima=\skip58
\bigstrutjot=\dimen143
) (/home/barefootbushman/.TinyTeX/texmf-dist/tex/latex/wrapfig/wrapfig.sty
\wrapoverhang=\dimen144
\WF@size=\dimen145
\c@WF@wrappedlines=\count125
\WF@box=\box35
\WF@everypar=\toks27
Package: wrapfig 2003/01/31  v 3.6
) (/home/barefootbushman/.TinyTeX/texmf-dist/tex/latex/float/float.sty
Package: float 2001/11/08 v1.3d Float enhancements (AL)
\c@float@type=\count126
\float@exts=\toks28
\float@box=\box36
\@float@everytoks=\toks29
\@floatcapt=\box37
) (/home/barefootbushman/.TinyTeX/texmf-dist/tex/latex/colortbl/colortbl.sty
Package: colortbl 2018/12/12 v1.0d Color table columns (DPC)
(/home/barefootbushman/.TinyTeX/texmf-dist/tex/latex/graphics/color.sty
Package: color 2016/07/10 v1.1e Standard LaTeX Color (DPC)
(/home/barefootbushman/.TinyTeX/texmf-dist/tex/latex/graphics-cfg/color.cfg
File: color.cfg 2016/01/02 v1.6 sample color configuration
)
Package color Info: Driver file: pdftex.def on input line 147.
)
\everycr=\toks30
\minrowclearance=\skip59
) (/home/barefootbushman/.TinyTeX/texmf-dist/tex/latex/oberdiek/pdflscape.sty
Package: pdflscape 2016/05/14 v0.11 Display of landscape pages in PDF (HO)
(/home/barefootbushman/.TinyTeX/texmf-dist/tex/latex/graphics/lscape.sty
Package: lscape 2000/10/22 v3.01 Landscape Pages (DPC)
)
Package pdflscape Info: Auto-detected driver: pdftex on input line 81.
) (/home/barefootbushman/.TinyTeX/texmf-dist/tex/latex/tabu/tabu.sty
Package: tabu 2019/01/11 v2.9 - flexible LaTeX tabulars (FC+tabu-fixed)
(/home/barefootbushman/.TinyTeX/texmf-dist/tex/latex/varwidth/varwidth.sty
Package: varwidth 2009/03/30 ver 0.92;  Variable-width minipages
\@vwid@box=\box38
\sift@deathcycles=\count127
\@vwid@loff=\dimen146
\@vwid@roff=\dimen147
)
\c@taburow=\count128
\tabu@nbcols=\count129
\tabu@cnt=\count130
\tabu@Xcol=\count131
\tabu@alloc=\count132
\tabu@nested=\count133
\tabu@target=\dimen148
\tabu@spreadtarget=\dimen149
\tabu@naturalX=\dimen150
\tabucolX=\dimen151
\tabu@Xsum=\dimen152
\extrarowdepth=\dimen153
\abovetabulinesep=\dimen154
\belowtabulinesep=\dimen155
\tabustrutrule=\dimen156
\tabu@thebody=\toks31
\tabu@footnotes=\toks32
\tabu@box=\box39
\tabu@arstrutbox=\box40
\tabu@hleads=\box41
\tabu@vleads=\box42
\tabu@cellskip=\skip60
)
(/home/barefootbushman/.TinyTeX/texmf-dist/tex/latex/threeparttable/threepartta
ble.sty
Package: threeparttable 2003/06/13  v 3.0
\@tempboxb=\box43
)
(/home/barefootbushman/.TinyTeX/texmf-dist/tex/latex/threeparttablex/threepartt
ablex.sty
Package: threeparttablex 2013/07/23 v0.3 by daleif
(/home/barefootbushman/.TinyTeX/texmf-dist/tex/latex/environ/environ.sty
Package: environ 2014/05/04 v0.3 A new way to define environments
(/home/barefootbushman/.TinyTeX/texmf-dist/tex/latex/trimspaces/trimspaces.sty
Package: trimspaces 2009/09/17 v1.1 Trim spaces around a token list
))
\TPTL@width=\skip61
) (/home/barefootbushman/.TinyTeX/texmf-dist/tex/generic/ulem/ulem.sty
\UL@box=\box44
\UL@hyphenbox=\box45
\UL@skip=\skip62
\UL@hook=\toks33
\UL@height=\dimen157
\UL@pe=\count134
\UL@pixel=\dimen158
\ULC@box=\box46
Package: ulem 2012/05/18
\ULdepth=\dimen159
) (/home/barefootbushman/.TinyTeX/texmf-dist/tex/latex/makecell/makecell.sty
Package: makecell 2009/08/03 V0.1e Managing of Tab Column Heads and Cells
\rotheadsize=\dimen160
\c@nlinenum=\count135
\TeXr@lab=\toks34
) (/home/barefootbushman/.TinyTeX/texmf-dist/tex/latex/xcolor/xcolor.sty
Package: xcolor 2016/05/11 v2.12 LaTeX color extensions (UK)
(/home/barefootbushman/.TinyTeX/texmf-dist/tex/latex/graphics-cfg/color.cfg
File: color.cfg 2016/01/02 v1.6 sample color configuration
)
Package xcolor Info: Driver file: pdftex.def on input line 225.
LaTeX Info: Redefining \color on input line 709.
Package xcolor Info: Model `cmy' substituted by `cmy0' on input line 1348.
Package xcolor Info: Model `hsb' substituted by `rgb' on input line 1352.
Package xcolor Info: Model `RGB' extended on input line 1364.
Package xcolor Info: Model `HTML' substituted by `rgb' on input line 1366.
Package xcolor Info: Model `Hsb' substituted by `hsb' on input line 1367.
Package xcolor Info: Model `tHsb' substituted by `hsb' on input line 1368.
Package xcolor Info: Model `HSB' substituted by `hsb' on input line 1369.
Package xcolor Info: Model `Gray' substituted by `gray' on input line 1370.
Package xcolor Info: Model `wave' substituted by `hsb' on input line 1371.
) (./Report.aux

LaTeX Warning: Label `fig:Map' multiply defined.

)
\openout1 = `Report.aux'.

LaTeX Font Info:    Checking defaults for OML/cmm/m/it on input line 107.
LaTeX Font Info:    ... okay on input line 107.
LaTeX Font Info:    Checking defaults for T1/cmr/m/n on input line 107.
LaTeX Font Info:    ... okay on input line 107.
LaTeX Font Info:    Checking defaults for OT1/cmr/m/n on input line 107.
LaTeX Font Info:    ... okay on input line 107.
LaTeX Font Info:    Checking defaults for OMS/cmsy/m/n on input line 107.
LaTeX Font Info:    ... okay on input line 107.
LaTeX Font Info:    Checking defaults for OMX/cmex/m/n on input line 107.
LaTeX Font Info:    ... okay on input line 107.
LaTeX Font Info:    Checking defaults for U/cmr/m/n on input line 107.
LaTeX Font Info:    ... okay on input line 107.
LaTeX Font Info:    Checking defaults for TS1/cmr/m/n on input line 107.
LaTeX Font Info:    Try loading font information for TS1+cmr on input line 107.

(/home/barefootbushman/.TinyTeX/texmf-dist/tex/latex/base/ts1cmr.fd
File: ts1cmr.fd 2014/09/29 v2.5h Standard LaTeX font definitions
)
LaTeX Font Info:    ... okay on input line 107.
LaTeX Font Info:    Checking defaults for PD1/pdf/m/n on input line 107.
LaTeX Font Info:    ... okay on input line 107.
LaTeX Font Info:    Checking defaults for PU/pdf/m/n on input line 107.
LaTeX Font Info:    ... okay on input line 107.
LaTeX Font Info:    Try loading font information for T1+lmr on input line 107.
(/home/barefootbushman/.TinyTeX/texmf-dist/tex/latex/lm/t1lmr.fd
File: t1lmr.fd 2009/10/30 v1.6 Font defs for Latin Modern
)
LaTeX Info: Redefining \microtypecontext on input line 107.
Package microtype Info: Generating PDF output.
Package microtype Info: Character protrusion enabled (level 2).
Package microtype Info: Using protrusion set `basicmath'.
Package microtype Info: Automatic font expansion enabled (level 2),
(microtype)             stretch: 20, shrink: 20, step: 1, non-selected.
Package microtype Info: Using default expansion set `basictext'.
Package microtype Info: No adjustment of tracking.
Package microtype Info: No adjustment of interword spacing.
Package microtype Info: No adjustment of character kerning.
(/home/barefootbushman/.TinyTeX/texmf-dist/tex/latex/microtype/mt-cmr.cfg
File: mt-cmr.cfg 2013/05/19 v2.2 microtype config. file: Computer Modern Roman 
(RS)
)
*geometry* driver: auto-detecting
*geometry* detected driver: pdftex
*geometry* verbose mode - [ preamble ] result:
* driver: pdftex
* paper: <default>
* layout: <same size as paper>
* layoutoffset:(h,v)=(0.0pt,0.0pt)
* modes: 
* h-part:(L,W,R)=(72.26999pt, 469.75502pt, 72.26999pt)
* v-part:(T,H,B)=(72.26999pt, 650.43001pt, 72.26999pt)
* \paperwidth=614.295pt
* \paperheight=794.96999pt
* \textwidth=469.75502pt
* \textheight=650.43001pt
* \oddsidemargin=0.0pt
* \evensidemargin=0.0pt
* \topmargin=-37.0pt
* \headheight=12.0pt
* \headsep=25.0pt
* \topskip=10.0pt
* \footskip=30.0pt
* \marginparwidth=65.0pt
* \marginparsep=11.0pt
* \columnsep=10.0pt
* \skip\footins=9.0pt plus 4.0pt minus 2.0pt
* \hoffset=0.0pt
* \voffset=0.0pt
* \mag=1000
* \@twocolumnfalse
* \@twosidefalse
* \@mparswitchfalse
* \@reversemarginfalse
* (1in=72.27pt=25.4mm, 1cm=28.453pt)

\AtBeginShipoutBox=\box47
Package hyperref Info: Link coloring OFF on input line 107.
(/home/barefootbushman/.TinyTeX/texmf-dist/tex/latex/hyperref/nameref.sty
Package: nameref 2019/09/12 v2.45 Cross-referencing by name of section

(/home/barefootbushman/.TinyTeX/texmf-dist/tex/generic/oberdiek/gettitlestring.
sty
Package: gettitlestring 2016/05/16 v1.5 Cleanup title references (HO)
)
\c@section@level=\count136
)
LaTeX Info: Redefining \ref on input line 107.
LaTeX Info: Redefining \pageref on input line 107.
LaTeX Info: Redefining \nameref on input line 107.
(./Report.out) (./Report.out)
\@outlinefile=\write3
\openout3 = `Report.out'.


(/home/barefootbushman/.TinyTeX/texmf-dist/tex/latex/oberdiek/epstopdf-base.sty
Package: epstopdf-base 2016/05/15 v2.6 Base part for package epstopdf
(/home/barefootbushman/.TinyTeX/texmf-dist/tex/latex/oberdiek/grfext.sty
Package: grfext 2016/05/16 v1.2 Manage graphics extensions (HO)
)
Package epstopdf-base Info: Redefining graphics rule for `.eps' on input line 4
38.
Package grfext Info: Graphics extension search list:
(grfext)             [.pdf,.png,.jpg,.mps,.jpeg,.jbig2,.jb2,.PDF,.PNG,.JPG,.JPE
G,.JBIG2,.JB2,.eps]
(grfext)             \AppendGraphicsExtensions on input line 456.

(/home/barefootbushman/.TinyTeX/texmf-dist/tex/latex/latexconfig/epstopdf-sys.c
fg
File: epstopdf-sys.cfg 2010/07/13 v1.3 Configuration of (r)epstopdf for TeX Liv
e
)) [1

{/home/barefootbushman/.TinyTeX/texmf-var/fonts/map/pdftex/updmap/pdftex.map}] 
[2] (./Report.toc
LaTeX Font Info:    Try loading font information for OT1+lmr on input line 3.
(/home/barefootbushman/.TinyTeX/texmf-dist/tex/latex/lm/ot1lmr.fd
File: ot1lmr.fd 2009/10/30 v1.6 Font defs for Latin Modern
)
LaTeX Font Info:    Try loading font information for OML+lmm on input line 3.
(/home/barefootbushman/.TinyTeX/texmf-dist/tex/latex/lm/omllmm.fd
File: omllmm.fd 2009/10/30 v1.6 Font defs for Latin Modern
)
LaTeX Font Info:    Try loading font information for OMS+lmsy on input line 3.
(/home/barefootbushman/.TinyTeX/texmf-dist/tex/latex/lm/omslmsy.fd
File: omslmsy.fd 2009/10/30 v1.6 Font defs for Latin Modern
)
LaTeX Font Info:    Try loading font information for OMX+lmex on input line 3.
(/home/barefootbushman/.TinyTeX/texmf-dist/tex/latex/lm/omxlmex.fd
File: omxlmex.fd 2009/10/30 v1.6 Font defs for Latin Modern
)
LaTeX Font Info:    External font `lmex10' loaded for size
(Font)              <10> on input line 3.
LaTeX Font Info:    External font `lmex10' loaded for size
(Font)              <7> on input line 3.
LaTeX Font Info:    External font `lmex10' loaded for size
(Font)              <5> on input line 3.
LaTeX Font Info:    Try loading font information for U+msa on input line 3.
(/home/barefootbushman/.TinyTeX/texmf-dist/tex/latex/amsfonts/umsa.fd
File: umsa.fd 2013/01/14 v3.01 AMS symbols A
) (/home/barefootbushman/.TinyTeX/texmf-dist/tex/latex/microtype/mt-msa.cfg
File: mt-msa.cfg 2006/02/04 v1.1 microtype config. file: AMS symbols (a) (RS)
)
LaTeX Font Info:    Try loading font information for U+msb on input line 3.
(/home/barefootbushman/.TinyTeX/texmf-dist/tex/latex/amsfonts/umsb.fd
File: umsb.fd 2013/01/14 v3.01 AMS symbols B
) (/home/barefootbushman/.TinyTeX/texmf-dist/tex/latex/microtype/mt-msb.cfg
File: mt-msb.cfg 2005/06/01 v1.0 microtype config. file: AMS symbols (b) (RS)
) [3] [4])
\tf@toc=\write4
\openout4 = `Report.toc'.

[5] [6]
LaTeX Font Info:    Try loading font information for TS1+lmr on input line 230.

(/home/barefootbushman/.TinyTeX/texmf-dist/tex/latex/lm/ts1lmr.fd
File: ts1lmr.fd 2009/10/30 v1.6 Font defs for Latin Modern
) [7]
<map.png, id=572, 1008.01593pt x 1434.10782pt>
File: map.png Graphic file (type png)
<use map.png>
Package pdftex.def Info: map.png  used on input line 309.
(pdftex.def)             Requested size: 457.18677pt x 650.44122pt.

LaTeX Warning: Float too large for page by 23.95564pt on input line 310.

<Figs/RainfallPlot-1.pdf, id=573, 469.755pt x 325.215pt>
File: Figs/RainfallPlot-1.pdf Graphic file (type pdf)
<use Figs/RainfallPlot-1.pdf>
Package pdftex.def Info: Figs/RainfallPlot-1.pdf  used on input line 314.
(pdftex.def)             Requested size: 469.75386pt x 325.2142pt.
[8] [9pdfTeX warning (ext4): destination with the same identifier (name{figure.
1}) has been already used, duplicate ignored

\AtBegShi@Output ...ipout \box \AtBeginShipoutBox 
                                                  \fi \fi 
l.322 \newpage
               <./map.png>] [10pdfTeX warning (ext4): destination with the same
 identifier (name{figure.2}) has been already used, duplicate ignored

\AtBegShi@Output ...ipout \box \AtBeginShipoutBox 
                                                  \fi \fi 
l.322 \newpage
               <./Figs/RainfallPlot-1.pdf>]
<Figs/SurveyPeriod-1.pdf, id=596, 469.755pt x 325.215pt>
File: Figs/SurveyPeriod-1.pdf Graphic file (type pdf)
<use Figs/SurveyPeriod-1.pdf>
Package pdftex.def Info: Figs/SurveyPeriod-1.pdf  used on input line 377.
(pdftex.def)             Requested size: 469.75386pt x 325.2142pt.
[11] [12pdfTeX warning (ext4): destination with the same identifier (name{figur
e.3}) has been already used, duplicate ignored

\AtBegShi@Output ...ipout \box \AtBeginShipoutBox 
                                                  \fi \fi 
l.427 
       <./Figs/SurveyPeriod-1.pdf>] [13]
<Figs/InvertOrd-1.pdf, id=626, 469.755pt x 325.215pt>
File: Figs/InvertOrd-1.pdf Graphic file (type pdf)
<use Figs/InvertOrd-1.pdf>
Package pdftex.def Info: Figs/InvertOrd-1.pdf  used on input line 494.
(pdftex.def)             Requested size: 469.75386pt x 325.2142pt.
<Figs/InvertRich-1.pdf, id=627, 469.755pt x 325.215pt>
File: Figs/InvertRich-1.pdf Graphic file (type pdf)
<use Figs/InvertRich-1.pdf>
Package pdftex.def Info: Figs/InvertRich-1.pdf  used on input line 505.
(pdftex.def)             Requested size: 469.75386pt x 325.2142pt.
[14] [15pdfTeX warning (ext4): destination with the same identifier (name{figur
e.4}) has been already used, duplicate ignored

\AtBegShi@Output ...ipout \box \AtBeginShipoutBox 
                                                  \fi \fi 
l.558 
       <./Figs/InvertOrd-1.pdf>] [16pdfTeX warning (ext4): destination with the
 same identifier (name{figure.5}) has been already used, duplicate ignored

\AtBegShi@Output ...ipout \box \AtBeginShipoutBox 
                                                  \fi \fi 
l.558 
       <./Figs/InvertRich-1.pdf>] [17]
<Figs/GoollelalWaterPlot-1.pdf, id=680, 469.755pt x 325.215pt>
File: Figs/GoollelalWaterPlot-1.pdf Graphic file (type pdf)
<use Figs/GoollelalWaterPlot-1.pdf>
Package pdftex.def Info: Figs/GoollelalWaterPlot-1.pdf  used on input line 666.

(pdftex.def)             Requested size: 469.75386pt x 325.2142pt.
[18pdfTeX warning (ext4): destination with the same identifier (name{table.2}) 
has been already used, duplicate ignored

\AtBegShi@Output ...ipout \box \AtBeginShipoutBox 
                                                  \fi \fi 
l.675 \newpage
              ] [19pdfTeX warning (ext4): destination with the same identifier 
(name{figure.6}) has been already used, duplicate ignored

\AtBegShi@Output ...ipout \box \AtBeginShipoutBox 
                                                  \fi \fi 
l.675 \newpage
               <./Figs/GoollelalWaterPlot-1.pdf>]
<Figs/GoollelalStrat-1.pdf, id=704, 469.755pt x 325.215pt>
File: Figs/GoollelalStrat-1.pdf Graphic file (type pdf)
<use Figs/GoollelalStrat-1.pdf>
Package pdftex.def Info: Figs/GoollelalStrat-1.pdf  used on input line 681.
(pdftex.def)             Requested size: 469.75386pt x 325.2142pt.
[20pdfTeX warning (ext4): destination with the same identifier (name{figure.7})
 has been already used, duplicate ignored

\AtBegShi@Output ...ipout \box \AtBeginShipoutBox 
                                                  \fi \fi 
l.688 \end{landscape}
                      <./Figs/GoollelalStrat-1.pdf>]
<Figs/GoollelalOrd-1.pdf, id=714, 469.755pt x 325.215pt>
File: Figs/GoollelalOrd-1.pdf Graphic file (type pdf)
<use Figs/GoollelalOrd-1.pdf>
Package pdftex.def Info: Figs/GoollelalOrd-1.pdf  used on input line 694.
(pdftex.def)             Requested size: 469.75386pt x 325.2142pt.
<Figs/GoollelalPost-1.pdf, id=715, 469.755pt x 325.215pt>
File: Figs/GoollelalPost-1.pdf Graphic file (type pdf)
<use Figs/GoollelalPost-1.pdf>
Package pdftex.def Info: Figs/GoollelalPost-1.pdf  used on input line 703.
(pdftex.def)             Requested size: 469.75386pt x 325.2142pt.
[21pdfTeX warning (ext4): destination with the same identifier (name{figure.8})
 has been already used, duplicate ignored

\AtBegShi@Output ...ipout \box \AtBeginShipoutBox 
                                                  \fi \fi 
l.716 \begin{landscape}
                        <./Figs/GoollelalOrd-1.pdf>] [22pdfTeX warning (ext4): 
destination with the same identifier (name{figure.9}) has been already used, du
plicate ignored

\AtBegShi@Output ...ipout \box \AtBeginShipoutBox 
                                                  \fi \fi 
l.716 \begin{landscape}
                        <./Figs/GoollelalPost-1.pdf>]
<Figs/GoollelalStratInv-1.pdf, id=734, 469.755pt x 325.215pt>
File: Figs/GoollelalStratInv-1.pdf Graphic file (type pdf)
<use Figs/GoollelalStratInv-1.pdf>
Package pdftex.def Info: Figs/GoollelalStratInv-1.pdf  used on input line 720.
(pdftex.def)             Requested size: 469.75386pt x 325.2142pt.
[23pdfTeX warning (ext4): destination with the same identifier (name{figure.10}
) has been already used, duplicate ignored

\AtBegShi@Output ...ipout \box \AtBeginShipoutBox 
                                                  \fi \fi 
l.725 \end{landscape}
                      <./Figs/GoollelalStratInv-1.pdf>]
<Figs/GoollelalRichInv-1.pdf, id=744, 469.755pt x 325.215pt>
File: Figs/GoollelalRichInv-1.pdf Graphic file (type pdf)
<use Figs/GoollelalRichInv-1.pdf>
Package pdftex.def Info: Figs/GoollelalRichInv-1.pdf  used on input line 731.
(pdftex.def)             Requested size: 469.75386pt x 325.2142pt.
<Figs/GoollelalOrdInv-1.pdf, id=745, 469.755pt x 325.215pt>
File: Figs/GoollelalOrdInv-1.pdf Graphic file (type pdf)
<use Figs/GoollelalOrdInv-1.pdf>
Package pdftex.def Info: Figs/GoollelalOrdInv-1.pdf  used on input line 739.
(pdftex.def)             Requested size: 469.75386pt x 325.2142pt.
[24




] [25pdfTeX warning (ext4): destination with the same identifier (name{figure.1
1}) has been already used, duplicate ignored

\AtBegShi@Output ...ipout \box \AtBeginShipoutBox 
                                                  \fi \fi 
l.840 \newpage
               <./Figs/GoollelalRichInv-1.pdf>] [26pdfTeX warning (ext4): desti
nation with the same identifier (name{figure.12}) has been already used, duplic
ate ignored

\AtBegShi@Output ...ipout \box \AtBeginShipoutBox 
                                                  \fi \fi 
l.840 \newpage
               <./Figs/GoollelalOrdInv-1.pdf>]

LaTeX Warning: Reference `fig:McNessPost' on page 27 undefined on input line 92
1.

[27]
<Figs/McNessWaterPlot-1.pdf, id=795, 469.755pt x 325.215pt>
File: Figs/McNessWaterPlot-1.pdf Graphic file (type pdf)
<use Figs/McNessWaterPlot-1.pdf>
Package pdftex.def Info: Figs/McNessWaterPlot-1.pdf  used on input line 977.
(pdftex.def)             Requested size: 469.75386pt x 325.2142pt.
[28pdfTeX warning (ext4): destination with the same identifier (name{table.4}) 
has been already used, duplicate ignored

\AtBegShi@Output ...ipout \box \AtBeginShipoutBox 
                                                  \fi \fi 
l.987 \newpage
              ] [29pdfTeX warning (ext4): destination with the same identifier 
(name{figure.13}) has been already used, duplicate ignored

\AtBegShi@Output ...ipout \box \AtBeginShipoutBox 
                                                  \fi \fi 
l.987 \newpage
               <./Figs/McNessWaterPlot-1.pdf>]
<Figs/McNessStrat-1.pdf, id=818, 722.7pt x 325.215pt>
File: Figs/McNessStrat-1.pdf Graphic file (type pdf)
<use Figs/McNessStrat-1.pdf>
Package pdftex.def Info: Figs/McNessStrat-1.pdf  used on input line 993.
(pdftex.def)             Requested size: 650.43501pt x 292.69576pt.
[30pdfTeX warning (ext4): destination with the same identifier (name{figure.14}
) has been already used, duplicate ignored

\AtBegShi@Output ...ipout \box \AtBeginShipoutBox 
                                                  \fi \fi 
l.1001 \end{landscape}
                       <./Figs/McNessStrat-1.pdf>]
<Figs/McNessOrd-1.pdf, id=828, 469.755pt x 325.215pt>
File: Figs/McNessOrd-1.pdf Graphic file (type pdf)
<use Figs/McNessOrd-1.pdf>
Package pdftex.def Info: Figs/McNessOrd-1.pdf  used on input line 1007.
(pdftex.def)             Requested size: 469.75386pt x 325.2142pt.
<Figs/McNessPost-1.pdf, id=829, 469.755pt x 325.215pt>
File: Figs/McNessPost-1.pdf Graphic file (type pdf)
<use Figs/McNessPost-1.pdf>
Package pdftex.def Info: Figs/McNessPost-1.pdf  used on input line 1014.
(pdftex.def)             Requested size: 469.75386pt x 325.2142pt.
[31


 <./Figs/McNessPost-1.pdf>] [32pdfTeX warning (ext4): destination with the same
 identifier (name{figure.15}) has been already used, duplicate ignored

\AtBegShi@Output ...ipout \box \AtBeginShipoutBox 
                                                  \fi \fi 
l.1014 ...graphics{Figs/McNessPost-1.pdf} \newpage
                                                   <./Figs/McNessOrd-1.pdf>]
<Figs/McNessStratInv-1.pdf, id=849, 469.755pt x 325.215pt>
File: Figs/McNessStratInv-1.pdf Graphic file (type pdf)
<use Figs/McNessStratInv-1.pdf>
Package pdftex.def Info: Figs/McNessStratInv-1.pdf  used on input line 1020.
(pdftex.def)             Requested size: 469.75386pt x 325.2142pt.
[33pdfTeX warning (ext4): destination with the same identifier (name{figure.16}
) has been already used, duplicate ignored

\AtBegShi@Output ...ipout \box \AtBeginShipoutBox 
                                                  \fi \fi 
l.1025 \end{landscape}
                       <./Figs/McNessStratInv-1.pdf>]
<Figs/McNessRichInv-1.pdf, id=859, 469.755pt x 325.215pt>
File: Figs/McNessRichInv-1.pdf Graphic file (type pdf)
<use Figs/McNessRichInv-1.pdf>
Package pdftex.def Info: Figs/McNessRichInv-1.pdf  used on input line 1031.
(pdftex.def)             Requested size: 469.75386pt x 325.2142pt.
<Figs/McNessOrdInv-1.pdf, id=860, 469.755pt x 325.215pt>
File: Figs/McNessOrdInv-1.pdf Graphic file (type pdf)
<use Figs/McNessOrdInv-1.pdf>
Package pdftex.def Info: Figs/McNessOrdInv-1.pdf  used on input line 1039.
(pdftex.def)             Requested size: 469.75386pt x 325.2142pt.
[34


] [35pdfTeX warning (ext4): destination with the same identifier (name{figure.1
7}) has been already used, duplicate ignored

\AtBegShi@Output ...ipout \box \AtBeginShipoutBox 
                                                  \fi \fi 
l.1168 \newpage
                <./Figs/McNessRichInv-1.pdf>] [36pdfTeX warning (ext4): destina
tion with the same identifier (name{figure.18}) has been already used, duplicat
e ignored

\AtBegShi@Output ...ipout \box \AtBeginShipoutBox 
                                                  \fi \fi 
l.1168 \newpage
                <./Figs/McNessOrdInv-1.pdf>] [37]
<Figs/YoderupWaterPlot-1.pdf, id=912, 469.755pt x 325.215pt>
File: Figs/YoderupWaterPlot-1.pdf Graphic file (type pdf)
<use Figs/YoderupWaterPlot-1.pdf>
Package pdftex.def Info: Figs/YoderupWaterPlot-1.pdf  used on input line 1277.
(pdftex.def)             Requested size: 469.75386pt x 325.2142pt.
[38pdfTeX warning (ext4): destination with the same identifier (name{table.6}) 
has been already used, duplicate ignored

\AtBegShi@Output ...ipout \box \AtBeginShipoutBox 
                                                  \fi \fi 
l.1284 \newpage
               ] [39pdfTeX warning (ext4): destination with the same identifier
 (name{figure.19}) has been already used, duplicate ignored

\AtBegShi@Output ...ipout \box \AtBeginShipoutBox 
                                                  \fi \fi 
l.1284 \newpage
                <./Figs/YoderupWaterPlot-1.pdf>]
<Figs/YonderupStrat-1.pdf, id=931, 722.7pt x 325.215pt>
File: Figs/YonderupStrat-1.pdf Graphic file (type pdf)
<use Figs/YonderupStrat-1.pdf>
Package pdftex.def Info: Figs/YonderupStrat-1.pdf  used on input line 1290.
(pdftex.def)             Requested size: 650.43501pt x 292.69576pt.
[40pdfTeX warning (ext4): destination with the same identifier (name{figure.20}
) has been already used, duplicate ignored

\AtBegShi@Output ...ipout \box \AtBeginShipoutBox 
                                                  \fi \fi 
l.1297 \end{landscape}
                       <./Figs/YonderupStrat-1.pdf>]
<Figs/YonderupOrd-1.pdf, id=941, 469.755pt x 325.215pt>
File: Figs/YonderupOrd-1.pdf Graphic file (type pdf)
<use Figs/YonderupOrd-1.pdf>
Package pdftex.def Info: Figs/YonderupOrd-1.pdf  used on input line 1303.
(pdftex.def)             Requested size: 469.75386pt x 325.2142pt.
<Figs/YonderupPost-1.pdf, id=942, 469.755pt x 325.215pt>
File: Figs/YonderupPost-1.pdf Graphic file (type pdf)
<use Figs/YonderupPost-1.pdf>
Package pdftex.def Info: Figs/YonderupPost-1.pdf  used on input line 1312.
(pdftex.def)             Requested size: 469.75386pt x 325.2142pt.
[41pdfTeX warning (ext4): destination with the same identifier (name{figure.21}
) has been already used, duplicate ignored

\AtBegShi@Output ...ipout \box \AtBeginShipoutBox 
                                                  \fi \fi 
l.1324 \begin{landscape}
                         <./Figs/YonderupOrd-1.pdf>] [42pdfTeX warning (ext4): 
destination with the same identifier (name{figure.22}) has been already used, d
uplicate ignored

\AtBegShi@Output ...ipout \box \AtBeginShipoutBox 
                                                  \fi \fi 
l.1324 \begin{landscape}
                         <./Figs/YonderupPost-1.pdf>]
<Figs/YonderupStratInv-1.pdf, id=961, 469.755pt x 325.215pt>
File: Figs/YonderupStratInv-1.pdf Graphic file (type pdf)
<use Figs/YonderupStratInv-1.pdf>
Package pdftex.def Info: Figs/YonderupStratInv-1.pdf  used on input line 1328.
(pdftex.def)             Requested size: 469.75386pt x 325.2142pt.
[43pdfTeX warning (ext4): destination with the same identifier (name{figure.23}
) has been already used, duplicate ignored

\AtBegShi@Output ...ipout \box \AtBeginShipoutBox 
                                                  \fi \fi 
l.1333 \end{landscape}
                       <./Figs/YonderupStratInv-1.pdf>]
<Figs/YonderupRichInv-1.pdf, id=973, 469.755pt x 325.215pt>
File: Figs/YonderupRichInv-1.pdf Graphic file (type pdf)
<use Figs/YonderupRichInv-1.pdf>
Package pdftex.def Info: Figs/YonderupRichInv-1.pdf  used on input line 1339.
(pdftex.def)             Requested size: 469.75386pt x 325.2142pt.
<Figs/YonderupOrdInv-1.pdf, id=974, 469.755pt x 325.215pt>
File: Figs/YonderupOrdInv-1.pdf Graphic file (type pdf)
<use Figs/YonderupOrdInv-1.pdf>
Package pdftex.def Info: Figs/YonderupOrdInv-1.pdf  used on input line 1347.
(pdftex.def)             Requested size: 469.75386pt x 325.2142pt.
[44




] [45pdfTeX warning (ext4): destination with the same identifier (name{figure.2
4}) has been already used, duplicate ignored

\AtBegShi@Output ...ipout \box \AtBeginShipoutBox 
                                                  \fi \fi 
l.1503 
        <./Figs/YonderupRichInv-1.pdf>] [46pdfTeX warning (ext4): destination w
ith the same identifier (name{figure.25}) has been already used, duplicate igno
red

\AtBegShi@Output ...ipout \box \AtBeginShipoutBox 
                                                  \fi \fi 
l.1503 
        <./Figs/YonderupOrdInv-1.pdf>]
<Figs/JoondalupWaterPlot-1.pdf, id=1016, 469.755pt x 325.215pt>
File: Figs/JoondalupWaterPlot-1.pdf Graphic file (type pdf)
<use Figs/JoondalupWaterPlot-1.pdf>
Package pdftex.def Info: Figs/JoondalupWaterPlot-1.pdf  used on input line 1571
.
(pdftex.def)             Requested size: 469.75386pt x 325.2142pt.
[47] [48pdfTeX warning (ext4): destination with the same identifier (name{figur
e.26}) has been already used, duplicate ignored

\AtBegShi@Output ...ipout \box \AtBeginShipoutBox 
                                                  \fi \fi 
l.1596 \newpage
                <./Figs/JoondalupWaterPlot-1.pdf>] [49pdfTeX warning (ext4): de
stination with the same identifier (name{table.8}) has been already used, dupli
cate ignored

\AtBegShi@Output ...ipout \box \AtBeginShipoutBox 
                                                  \fi \fi 
l.1598 \begin{landscape}
                        ]
<Figs/JoondalupNthStrat-1.pdf, id=1049, 722.7pt x 325.215pt>
File: Figs/JoondalupNthStrat-1.pdf Graphic file (type pdf)
<use Figs/JoondalupNthStrat-1.pdf>
Package pdftex.def Info: Figs/JoondalupNthStrat-1.pdf  used on input line 1602.

(pdftex.def)             Requested size: 650.43501pt x 292.69576pt.
[50pdfTeX warning (ext4): destination with the same identifier (name{figure.27}
) has been already used, duplicate ignored

\AtBegShi@Output ...ipout \box \AtBeginShipoutBox 
                                                  \fi \fi 
l.1609 \end{landscape}
                       <./Figs/JoondalupNthStrat-1.pdf>]
<Figs/JoondalupSthStrat-1.pdf, id=1059, 722.7pt x 325.215pt>
File: Figs/JoondalupSthStrat-1.pdf Graphic file (type pdf)
<use Figs/JoondalupSthStrat-1.pdf>
Package pdftex.def Info: Figs/JoondalupSthStrat-1.pdf  used on input line 1619.

(pdftex.def)             Requested size: 650.43501pt x 292.69576pt.
[51pdfTeX warning (ext4): destination with the same identifier (name{figure.28}
) has been already used, duplicate ignored

\AtBegShi@Output ...ipout \box \AtBeginShipoutBox 
                                                  \fi \fi 
l.1626 \end{landscape}
                       <./Figs/JoondalupSthStrat-1.pdf>]
<Figs/JoondalupOrd-1.pdf, id=1069, 469.755pt x 325.215pt>
File: Figs/JoondalupOrd-1.pdf Graphic file (type pdf)
<use Figs/JoondalupOrd-1.pdf>
Package pdftex.def Info: Figs/JoondalupOrd-1.pdf  used on input line 1632.
(pdftex.def)             Requested size: 469.75386pt x 325.2142pt.
<Figs/JoondalupPost-1.pdf, id=1070, 469.755pt x 325.215pt>
File: Figs/JoondalupPost-1.pdf Graphic file (type pdf)
<use Figs/JoondalupPost-1.pdf>
Package pdftex.def Info: Figs/JoondalupPost-1.pdf  used on input line 1642.
(pdftex.def)             Requested size: 469.75386pt x 325.2142pt.
[52pdfTeX warning (ext4): destination with the same identifier (name{figure.29}
) has been already used, duplicate ignored

\AtBegShi@Output ...ipout \box \AtBeginShipoutBox 
                                                  \fi \fi 
l.1656 \begin{landscape}
                         <./Figs/JoondalupOrd-1.pdf>] [53pdfTeX warning (ext4):
 destination with the same identifier (name{figure.30}) has been already used, 
duplicate ignored

\AtBegShi@Output ...ipout \box \AtBeginShipoutBox 
                                                  \fi \fi 
l.1656 \begin{landscape}
                         <./Figs/JoondalupPost-1.pdf>]
<Figs/JoondalupStratInv-1.pdf, id=1089, 469.755pt x 325.215pt>
File: Figs/JoondalupStratInv-1.pdf Graphic file (type pdf)
<use Figs/JoondalupStratInv-1.pdf>
Package pdftex.def Info: Figs/JoondalupStratInv-1.pdf  used on input line 1660.

(pdftex.def)             Requested size: 469.75386pt x 325.2142pt.
[54pdfTeX warning (ext4): destination with the same identifier (name{figure.31}
) has been already used, duplicate ignored

\AtBegShi@Output ...ipout \box \AtBeginShipoutBox 
                                                  \fi \fi 
l.1665 \end{landscape}
                       <./Figs/JoondalupStratInv-1.pdf>]
<Figs/JoondalupRichInv-1.pdf, id=1099, 469.755pt x 325.215pt>
File: Figs/JoondalupRichInv-1.pdf Graphic file (type pdf)
<use Figs/JoondalupRichInv-1.pdf>
Package pdftex.def Info: Figs/JoondalupRichInv-1.pdf  used on input line 1671.
(pdftex.def)             Requested size: 469.75386pt x 325.2142pt.
<Figs/JoondalupOrdInv-1.pdf, id=1100, 469.755pt x 325.215pt>
File: Figs/JoondalupOrdInv-1.pdf Graphic file (type pdf)
<use Figs/JoondalupOrdInv-1.pdf>
Package pdftex.def Info: Figs/JoondalupOrdInv-1.pdf  used on input line 1679.
(pdftex.def)             Requested size: 469.75386pt x 325.2142pt.
[55






] [56pdfTeX warning (ext4): destination with the same identifier (name{figure.3
2}) has been already used, duplicate ignored

\AtBegShi@Output ...ipout \box \AtBeginShipoutBox 
                                                  \fi \fi 
l.1790 \newpage
                <./Figs/JoondalupRichInv-1.pdf>] [57pdfTeX warning (ext4): dest
ination with the same identifier (name{figure.33}) has been already used, dupli
cate ignored

\AtBegShi@Output ...ipout \box \AtBeginShipoutBox 
                                                  \fi \fi 
l.1790 \newpage
                <./Figs/JoondalupOrdInv-1.pdf>]

LaTeX Warning: Reference `tab:MariginiupWater' on page 58 undefined on input li
ne 1815.

[58]
<Figs/MariginiupWaterPlot-1.pdf, id=1147, 469.755pt x 325.215pt>
File: Figs/MariginiupWaterPlot-1.pdf Graphic file (type pdf)
<use Figs/MariginiupWaterPlot-1.pdf>
Package pdftex.def Info: Figs/MariginiupWaterPlot-1.pdf  used on input line 190
7.
(pdftex.def)             Requested size: 469.75386pt x 325.2142pt.
[59pdfTeX warning (ext4): destination with the same identifier (name{table.10})
 has been already used, duplicate ignored

\AtBegShi@Output ...ipout \box \AtBeginShipoutBox 
                                                  \fi \fi 
l.1913 \newpage
               ] [60pdfTeX warning (ext4): destination with the same identifier
 (name{figure.34}) has been already used, duplicate ignored

\AtBegShi@Output ...ipout \box \AtBeginShipoutBox 
                                                  \fi \fi 
l.1913 \newpage
                <./Figs/MariginiupWaterPlot-1.pdf>]
<Figs/MariginiupStrat-1.pdf, id=1170, 722.7pt x 325.215pt>
File: Figs/MariginiupStrat-1.pdf Graphic file (type pdf)
<use Figs/MariginiupStrat-1.pdf>
Package pdftex.def Info: Figs/MariginiupStrat-1.pdf  used on input line 1919.
(pdftex.def)             Requested size: 650.43501pt x 292.69576pt.
[61pdfTeX warning (ext4): destination with the same identifier (name{figure.35}
) has been already used, duplicate ignored

\AtBegShi@Output ...ipout \box \AtBeginShipoutBox 
                                                  \fi \fi 
l.1926 \end{landscape}
                       <./Figs/MariginiupStrat-1.pdf>]
<Figs/MariginiupOrd-1.pdf, id=1181, 469.755pt x 325.215pt>
File: Figs/MariginiupOrd-1.pdf Graphic file (type pdf)
<use Figs/MariginiupOrd-1.pdf>
Package pdftex.def Info: Figs/MariginiupOrd-1.pdf  used on input line 1932.
(pdftex.def)             Requested size: 469.75386pt x 325.2142pt.
<Figs/MariginiupPost-1.pdf, id=1182, 469.755pt x 325.215pt>
File: Figs/MariginiupPost-1.pdf Graphic file (type pdf)
<use Figs/MariginiupPost-1.pdf>
Package pdftex.def Info: Figs/MariginiupPost-1.pdf  used on input line 1941.
(pdftex.def)             Requested size: 469.75386pt x 325.2142pt.
[62pdfTeX warning (ext4): destination with the same identifier (name{figure.36}
) has been already used, duplicate ignored

\AtBegShi@Output ...ipout \box \AtBeginShipoutBox 
                                                  \fi \fi 
l.1955 \begin{landscape}
                         <./Figs/MariginiupOrd-1.pdf>] [63pdfTeX warning (ext4)
: destination with the same identifier (name{figure.37}) has been already used,
 duplicate ignored

\AtBegShi@Output ...ipout \box \AtBeginShipoutBox 
                                                  \fi \fi 
l.1955 \begin{landscape}
                         <./Figs/MariginiupPost-1.pdf>]
<Figs/MariginiupStratInv-1.pdf, id=1202, 469.755pt x 325.215pt>
File: Figs/MariginiupStratInv-1.pdf Graphic file (type pdf)
<use Figs/MariginiupStratInv-1.pdf>
Package pdftex.def Info: Figs/MariginiupStratInv-1.pdf  used on input line 1959
.
(pdftex.def)             Requested size: 469.75386pt x 325.2142pt.
[64pdfTeX warning (ext4): destination with the same identifier (name{figure.38}
) has been already used, duplicate ignored

\AtBegShi@Output ...ipout \box \AtBeginShipoutBox 
                                                  \fi \fi 
l.1964 \end{landscape}
                       <./Figs/MariginiupStratInv-1.pdf>]
<Figs/MariginiupRichInv-1.pdf, id=1212, 469.755pt x 325.215pt>
File: Figs/MariginiupRichInv-1.pdf Graphic file (type pdf)
<use Figs/MariginiupRichInv-1.pdf>
Package pdftex.def Info: Figs/MariginiupRichInv-1.pdf  used on input line 1970.

(pdftex.def)             Requested size: 469.75386pt x 325.2142pt.
<Figs/MariginiupOrdInv-1.pdf, id=1213, 469.755pt x 325.215pt>
File: Figs/MariginiupOrdInv-1.pdf Graphic file (type pdf)
<use Figs/MariginiupOrdInv-1.pdf>
Package pdftex.def Info: Figs/MariginiupOrdInv-1.pdf  used on input line 1978.
(pdftex.def)             Requested size: 469.75386pt x 325.2142pt.
[65




] [66pdfTeX warning (ext4): destination with the same identifier (name{figure.3
9}) has been already used, duplicate ignored

\AtBegShi@Output ...ipout \box \AtBeginShipoutBox 
                                                  \fi \fi 
l.2078 \newpage
                <./Figs/MariginiupRichInv-1.pdf>] [67pdfTeX warning (ext4): des
tination with the same identifier (name{figure.40}) has been already used, dupl
icate ignored

\AtBegShi@Output ...ipout \box \AtBeginShipoutBox 
                                                  \fi \fi 
l.2078 \newpage
                <./Figs/MariginiupOrdInv-1.pdf>] [68]
<Figs/JandabupWaterPlot-1.pdf, id=1267, 469.755pt x 325.215pt>
File: Figs/JandabupWaterPlot-1.pdf Graphic file (type pdf)
<use Figs/JandabupWaterPlot-1.pdf>
Package pdftex.def Info: Figs/JandabupWaterPlot-1.pdf  used on input line 2186.

(pdftex.def)             Requested size: 469.75386pt x 325.2142pt.
[69pdfTeX warning (ext4): destination with the same identifier (name{table.12})
 has been already used, duplicate ignored

\AtBegShi@Output ...ipout \box \AtBeginShipoutBox 
                                                  \fi \fi 
l.2195 \newpage
               ] [70pdfTeX warning (ext4): destination with the same identifier
 (name{figure.41}) has been already used, duplicate ignored

\AtBegShi@Output ...ipout \box \AtBeginShipoutBox 
                                                  \fi \fi 
l.2195 \newpage
                <./Figs/JandabupWaterPlot-1.pdf>]
<Figs/JandabupStrat-1.pdf, id=1286, 722.7pt x 325.215pt>
File: Figs/JandabupStrat-1.pdf Graphic file (type pdf)
<use Figs/JandabupStrat-1.pdf>
Package pdftex.def Info: Figs/JandabupStrat-1.pdf  used on input line 2201.
(pdftex.def)             Requested size: 650.43501pt x 292.69576pt.
[71pdfTeX warning (ext4): destination with the same identifier (name{figure.42}
) has been already used, duplicate ignored

\AtBegShi@Output ...ipout \box \AtBeginShipoutBox 
                                                  \fi \fi 
l.2208 \end{landscape}
                       <./Figs/JandabupStrat-1.pdf>]
<Figs/JandabupOrd-1.pdf, id=1296, 469.755pt x 325.215pt>
File: Figs/JandabupOrd-1.pdf Graphic file (type pdf)
<use Figs/JandabupOrd-1.pdf>
Package pdftex.def Info: Figs/JandabupOrd-1.pdf  used on input line 2214.
(pdftex.def)             Requested size: 469.75386pt x 325.2142pt.
<Figs/JandabupPost-1.pdf, id=1297, 469.755pt x 325.215pt>
File: Figs/JandabupPost-1.pdf Graphic file (type pdf)
<use Figs/JandabupPost-1.pdf>
Package pdftex.def Info: Figs/JandabupPost-1.pdf  used on input line 2223.
(pdftex.def)             Requested size: 469.75386pt x 325.2142pt.
[72pdfTeX warning (ext4): destination with the same identifier (name{figure.43}
) has been already used, duplicate ignored

\AtBegShi@Output ...ipout \box \AtBeginShipoutBox 
                                                  \fi \fi 
l.2236 \begin{landscape}
                         <./Figs/JandabupOrd-1.pdf>] [73pdfTeX warning (ext4): 
destination with the same identifier (name{figure.44}) has been already used, d
uplicate ignored

\AtBegShi@Output ...ipout \box \AtBeginShipoutBox 
                                                  \fi \fi 
l.2236 \begin{landscape}
                         <./Figs/JandabupPost-1.pdf>]
<Figs/JandabupStratInv-1.pdf, id=1317, 469.755pt x 325.215pt>
File: Figs/JandabupStratInv-1.pdf Graphic file (type pdf)
<use Figs/JandabupStratInv-1.pdf>
Package pdftex.def Info: Figs/JandabupStratInv-1.pdf  used on input line 2240.
(pdftex.def)             Requested size: 469.75386pt x 325.2142pt.
[74pdfTeX warning (ext4): destination with the same identifier (name{figure.45}
) has been already used, duplicate ignored

\AtBegShi@Output ...ipout \box \AtBeginShipoutBox 
                                                  \fi \fi 
l.2245 \end{landscape}
                       <./Figs/JandabupStratInv-1.pdf>]
<Figs/JandabupRichInv-1.pdf, id=1327, 469.755pt x 325.215pt>
File: Figs/JandabupRichInv-1.pdf Graphic file (type pdf)
<use Figs/JandabupRichInv-1.pdf>
Package pdftex.def Info: Figs/JandabupRichInv-1.pdf  used on input line 2251.
(pdftex.def)             Requested size: 469.75386pt x 325.2142pt.
<Figs/JandabupOrdInv-1.pdf, id=1328, 469.755pt x 325.215pt>
File: Figs/JandabupOrdInv-1.pdf Graphic file (type pdf)
<use Figs/JandabupOrdInv-1.pdf>
Package pdftex.def Info: Figs/JandabupOrdInv-1.pdf  used on input line 2259.
(pdftex.def)             Requested size: 469.75386pt x 325.2142pt.
[75




] [76pdfTeX warning (ext4): destination with the same identifier (name{figure.4
6}) has been already used, duplicate ignored

\AtBegShi@Output ...ipout \box \AtBeginShipoutBox 
                                                  \fi \fi 
l.2365 \newpage
                <./Figs/JandabupRichInv-1.pdf>] [77pdfTeX warning (ext4): desti
nation with the same identifier (name{figure.47}) has been already used, duplic
ate ignored

\AtBegShi@Output ...ipout \box \AtBeginShipoutBox 
                                                  \fi \fi 
l.2365 \newpage
                <./Figs/JandabupOrdInv-1.pdf>] [78]
<Figs/NowergupWaterPlot-1.pdf, id=1373, 469.755pt x 325.215pt>
File: Figs/NowergupWaterPlot-1.pdf Graphic file (type pdf)
<use Figs/NowergupWaterPlot-1.pdf>
Package pdftex.def Info: Figs/NowergupWaterPlot-1.pdf  used on input line 2481.

(pdftex.def)             Requested size: 469.75386pt x 325.2142pt.
[79pdfTeX warning (ext4): destination with the same identifier (name{table.14})
 has been already used, duplicate ignored

\AtBegShi@Output ...ipout \box \AtBeginShipoutBox 
                                                  \fi \fi 
l.2491 \newpage
               ] [80pdfTeX warning (ext4): destination with the same identifier
 (name{figure.48}) has been already used, duplicate ignored

\AtBegShi@Output ...ipout \box \AtBeginShipoutBox 
                                                  \fi \fi 
l.2491 \newpage
                <./Figs/NowergupWaterPlot-1.pdf>]
<Figs/NowergupNthStrat-1.pdf, id=1395, 722.7pt x 325.215pt>
File: Figs/NowergupNthStrat-1.pdf Graphic file (type pdf)
<use Figs/NowergupNthStrat-1.pdf>
Package pdftex.def Info: Figs/NowergupNthStrat-1.pdf  used on input line 2497.
(pdftex.def)             Requested size: 650.43501pt x 292.69576pt.
[81pdfTeX warning (ext4): destination with the same identifier (name{figure.49}
) has been already used, duplicate ignored

\AtBegShi@Output ...ipout \box \AtBeginShipoutBox 
                                                  \fi \fi 
l.2504 \end{landscape}
                       <./Figs/NowergupNthStrat-1.pdf>]
<Figs/NowergupSthStrat-1.pdf, id=1406, 722.7pt x 325.215pt>
File: Figs/NowergupSthStrat-1.pdf Graphic file (type pdf)
<use Figs/NowergupSthStrat-1.pdf>
Package pdftex.def Info: Figs/NowergupSthStrat-1.pdf  used on input line 2514.
(pdftex.def)             Requested size: 650.43501pt x 292.69576pt.
[82pdfTeX warning (ext4): destination with the same identifier (name{figure.50}
) has been already used, duplicate ignored

\AtBegShi@Output ...ipout \box \AtBeginShipoutBox 
                                                  \fi \fi 
l.2521 \end{landscape}
                       <./Figs/NowergupSthStrat-1.pdf>]
<Figs/NowergupOrd-1.pdf, id=1417, 469.755pt x 325.215pt>
File: Figs/NowergupOrd-1.pdf Graphic file (type pdf)
<use Figs/NowergupOrd-1.pdf>
Package pdftex.def Info: Figs/NowergupOrd-1.pdf  used on input line 2527.
(pdftex.def)             Requested size: 469.75386pt x 325.2142pt.
<Figs/NowergupPost-1.pdf, id=1418, 469.755pt x 325.215pt>
File: Figs/NowergupPost-1.pdf Graphic file (type pdf)
<use Figs/NowergupPost-1.pdf>
Package pdftex.def Info: Figs/NowergupPost-1.pdf  used on input line 2537.
(pdftex.def)             Requested size: 469.75386pt x 325.2142pt.
[83pdfTeX warning (ext4): destination with the same identifier (name{figure.51}
) has been already used, duplicate ignored

\AtBegShi@Output ...ipout \box \AtBeginShipoutBox 
                                                  \fi \fi 
l.2551 \begin{landscape}
                         <./Figs/NowergupOrd-1.pdf>] [84pdfTeX warning (ext4): 
destination with the same identifier (name{figure.52}) has been already used, d
uplicate ignored

\AtBegShi@Output ...ipout \box \AtBeginShipoutBox 
                                                  \fi \fi 
l.2551 \begin{landscape}
                         <./Figs/NowergupPost-1.pdf>]
<Figs/NowergupStratInv-1.pdf, id=1439, 469.755pt x 325.215pt>
File: Figs/NowergupStratInv-1.pdf Graphic file (type pdf)
<use Figs/NowergupStratInv-1.pdf>
Package pdftex.def Info: Figs/NowergupStratInv-1.pdf  used on input line 2555.
(pdftex.def)             Requested size: 469.75386pt x 325.2142pt.
[85pdfTeX warning (ext4): destination with the same identifier (name{figure.53}
) has been already used, duplicate ignored

\AtBegShi@Output ...ipout \box \AtBeginShipoutBox 
                                                  \fi \fi 
l.2560 \end{landscape}
                       <./Figs/NowergupStratInv-1.pdf>]
<Figs/NowergupRichInv-1.pdf, id=1450, 469.755pt x 325.215pt>
File: Figs/NowergupRichInv-1.pdf Graphic file (type pdf)
<use Figs/NowergupRichInv-1.pdf>
Package pdftex.def Info: Figs/NowergupRichInv-1.pdf  used on input line 2566.
(pdftex.def)             Requested size: 469.75386pt x 325.2142pt.
<Figs/NowergupOrdInv-1.pdf, id=1451, 469.755pt x 325.215pt>
File: Figs/NowergupOrdInv-1.pdf Graphic file (type pdf)
<use Figs/NowergupOrdInv-1.pdf>
Package pdftex.def Info: Figs/NowergupOrdInv-1.pdf  used on input line 2574.
(pdftex.def)             Requested size: 469.75386pt x 325.2142pt.
[86






] [87pdfTeX warning (ext4): destination with the same identifier (name{figure.5
4}) has been already used, duplicate ignored

\AtBegShi@Output ...ipout \box \AtBeginShipoutBox 
                                                  \fi \fi 
l.2688 \newpage
                <./Figs/NowergupRichInv-1.pdf>] [88pdfTeX warning (ext4): desti
nation with the same identifier (name{figure.55}) has been already used, duplic
ate ignored

\AtBegShi@Output ...ipout \box \AtBeginShipoutBox 
                                                  \fi \fi 
l.2688 \newpage
                <./Figs/NowergupOrdInv-1.pdf>]
<Figs/WilgarupWaterPlot-1.pdf, id=1483, 469.755pt x 325.215pt>
File: Figs/WilgarupWaterPlot-1.pdf Graphic file (type pdf)
<use Figs/WilgarupWaterPlot-1.pdf>
Package pdftex.def Info: Figs/WilgarupWaterPlot-1.pdf  used on input line 2766.

(pdftex.def)             Requested size: 469.75386pt x 325.2142pt.
[89pdfTeX warning (ext4): destination with the same identifier (name{table.16})
 has been already used, duplicate ignored

\AtBegShi@Output ...ipout \box \AtBeginShipoutBox 
                                                  \fi \fi 
l.2773 \newpage
               ] [90pdfTeX warning (ext4): destination with the same identifier
 (name{figure.56}) has been already used, duplicate ignored

\AtBegShi@Output ...ipout \box \AtBeginShipoutBox 
                                                  \fi \fi 
l.2773 \newpage
                <./Figs/WilgarupWaterPlot-1.pdf>]
<Figs/WilgarupStrat-1.pdf, id=1512, 722.7pt x 325.215pt>
File: Figs/WilgarupStrat-1.pdf Graphic file (type pdf)
<use Figs/WilgarupStrat-1.pdf>
Package pdftex.def Info: Figs/WilgarupStrat-1.pdf  used on input line 2779.
(pdftex.def)             Requested size: 650.43501pt x 292.69576pt.
[91pdfTeX warning (ext4): destination with the same identifier (name{figure.57}
) has been already used, duplicate ignored

\AtBegShi@Output ...ipout \box \AtBeginShipoutBox 
                                                  \fi \fi 
l.2786 \end{landscape}
                       <./Figs/WilgarupStrat-1.pdf>]
<Figs/WilgarupOrd-1.pdf, id=1523, 469.755pt x 325.215pt>
File: Figs/WilgarupOrd-1.pdf Graphic file (type pdf)
<use Figs/WilgarupOrd-1.pdf>
Package pdftex.def Info: Figs/WilgarupOrd-1.pdf  used on input line 2792.
(pdftex.def)             Requested size: 469.75386pt x 325.2142pt.
<Figs/WilgarupPost-1.pdf, id=1524, 469.755pt x 325.215pt>
File: Figs/WilgarupPost-1.pdf Graphic file (type pdf)
<use Figs/WilgarupPost-1.pdf>
Package pdftex.def Info: Figs/WilgarupPost-1.pdf  used on input line 2801.
(pdftex.def)             Requested size: 469.75386pt x 325.2142pt.
[92


] [93pdfTeX warning (ext4): destination with the same identifier (name{figure.5
8}) has been already used, duplicate ignored

\AtBegShi@Output ...ipout \box \AtBeginShipoutBox 
                                                  \fi \fi 
l.2888 \newpage
                <./Figs/WilgarupOrd-1.pdf>] [94pdfTeX warning (ext4): destinati
on with the same identifier (name{figure.59}) has been already used, duplicate 
ignored

\AtBegShi@Output ...ipout \box \AtBeginShipoutBox 
                                                  \fi \fi 
l.2888 \newpage
                <./Figs/WilgarupPost-1.pdf>]
<Figs/PipidinnyWaterPlot-1.pdf, id=1551, 469.755pt x 325.215pt>
File: Figs/PipidinnyWaterPlot-1.pdf Graphic file (type pdf)
<use Figs/PipidinnyWaterPlot-1.pdf>
Package pdftex.def Info: Figs/PipidinnyWaterPlot-1.pdf  used on input line 2969
.
(pdftex.def)             Requested size: 469.75386pt x 325.2142pt.
[95pdfTeX warning (ext4): destination with the same identifier (name{table.18})
 has been already used, duplicate ignored

\AtBegShi@Output ...ipout \box \AtBeginShipoutBox 
                                                  \fi \fi 
l.3007 \end{longtable}
                      ] [96pdfTeX warning (ext4): destination with the same ide
ntifier (name{figure.60}) has been already used, duplicate ignored

\AtBegShi@Output ...ipout \box \AtBeginShipoutBox 
                                                  \fi \fi 
l.3007 \end{longtable}
                       <./Figs/PipidinnyWaterPlot-1.pdf>] [97]

LaTeX Warning: Reference `fig:Lexia186Post' on page 98 undefined on input line 
3104.

<Figs/Lexia186WaterPlot-1.pdf, id=1587, 469.755pt x 325.215pt>
File: Figs/Lexia186WaterPlot-1.pdf Graphic file (type pdf)
<use Figs/Lexia186WaterPlot-1.pdf>
Package pdftex.def Info: Figs/Lexia186WaterPlot-1.pdf  used on input line 3140.

(pdftex.def)             Requested size: 469.75386pt x 325.2142pt.
[98pdfTeX warning (ext4): destination with the same identifier (name{table.21})
 has been already used, duplicate ignored

\AtBegShi@Output ...ipout \box \AtBeginShipoutBox 
                                                  \fi \fi 
l.3148 \newpage
               ] [99pdfTeX warning (ext4): destination with the same identifier
 (name{figure.61}) has been already used, duplicate ignored

\AtBegShi@Output ...ipout \box \AtBeginShipoutBox 
                                                  \fi \fi 
l.3148 \newpage
                <./Figs/Lexia186WaterPlot-1.pdf>]
<Figs/Lexia186Strat-1.pdf, id=1615, 722.7pt x 325.215pt>
File: Figs/Lexia186Strat-1.pdf Graphic file (type pdf)
<use Figs/Lexia186Strat-1.pdf>
Package pdftex.def Info: Figs/Lexia186Strat-1.pdf  used on input line 3154.
(pdftex.def)             Requested size: 650.43501pt x 292.69576pt.
[100pdfTeX warning (ext4): destination with the same identifier (name{figure.62
}) has been already used, duplicate ignored

\AtBegShi@Output ...ipout \box \AtBeginShipoutBox 
                                                  \fi \fi 
l.3160 \end{landscape}
                       <./Figs/Lexia186Strat-1.pdf>]
<Figs/Lexia186Ord-1.pdf, id=1625, 469.755pt x 325.215pt>
File: Figs/Lexia186Ord-1.pdf Graphic file (type pdf)
<use Figs/Lexia186Ord-1.pdf>
Package pdftex.def Info: Figs/Lexia186Ord-1.pdf  used on input line 3166.
(pdftex.def)             Requested size: 469.75386pt x 325.2142pt.

Overfull \hbox (70.32866pt too wide) in alignment at lines 3173--3181
 [] [] [] 
 []


Overfull \hbox (70.32866pt too wide) in alignment at lines 3181--3186
 [] [] [] 
 []


Overfull \hbox (70.32866pt too wide) in alignment at lines 3186--3198
 [] [] [] 
 []

[101


] [102pdfTeX warning (ext4): destination with the same identifier (name{figure.
63}) has been already used, duplicate ignored

\AtBegShi@Output ...ipout \box \AtBeginShipoutBox 
                                                  \fi \fi 
l.3200 \newpage
                <./Figs/Lexia186Ord-1.pdf>] [103]
<Figs/EMP173WaterPlot-1.pdf, id=1663, 469.755pt x 325.215pt>
File: Figs/EMP173WaterPlot-1.pdf Graphic file (type pdf)
<use Figs/EMP173WaterPlot-1.pdf>
Package pdftex.def Info: Figs/EMP173WaterPlot-1.pdf  used on input line 3302.
(pdftex.def)             Requested size: 469.75386pt x 325.2142pt.
[104pdfTeX warning (ext4): destination with the same identifier (name{figure.64
}) has been already used, duplicate ignored

\AtBegShi@Output ...ipout \box \AtBeginShipoutBox 
                                                  \fi \fi 
l.3331 \newpage
                <./Figs/EMP173WaterPlot-1.pdf>] [105pdfTeX warning (ext4): dest
ination with the same identifier (name{table.23}) has been already used, duplic
ate ignored

\AtBegShi@Output ...ipout \box \AtBeginShipoutBox 
                                                  \fi \fi 
l.3333 \begin{landscape}
                        ]
<Figs/EMP173Strat-1.pdf, id=1685, 722.7pt x 325.215pt>
File: Figs/EMP173Strat-1.pdf Graphic file (type pdf)
<use Figs/EMP173Strat-1.pdf>
Package pdftex.def Info: Figs/EMP173Strat-1.pdf  used on input line 3337.
(pdftex.def)             Requested size: 650.43501pt x 292.69576pt.
[106pdfTeX warning (ext4): destination with the same identifier (name{figure.65
}) has been already used, duplicate ignored

\AtBegShi@Output ...ipout \box \AtBeginShipoutBox 
                                                  \fi \fi 
l.3344 \end{landscape}
                       <./Figs/EMP173Strat-1.pdf>]
<Figs/EMP173Ord-1.pdf, id=1695, 469.755pt x 325.215pt>
File: Figs/EMP173Ord-1.pdf Graphic file (type pdf)
<use Figs/EMP173Ord-1.pdf>
Package pdftex.def Info: Figs/EMP173Ord-1.pdf  used on input line 3350.
(pdftex.def)             Requested size: 469.75386pt x 325.2142pt.
<Figs/EMP173Post-1.pdf, id=1696, 469.755pt x 325.215pt>
File: Figs/EMP173Post-1.pdf Graphic file (type pdf)
<use Figs/EMP173Post-1.pdf>
Package pdftex.def Info: Figs/EMP173Post-1.pdf  used on input line 3359.
(pdftex.def)             Requested size: 469.75386pt x 325.2142pt.
[107pdfTeX warning (ext4): destination with the same identifier (name{figure.66
}) has been already used, duplicate ignored

\AtBegShi@Output ...ipout \box \AtBeginShipoutBox 
                                                  \fi \fi 
l.3371 \begin{landscape}
                         <./Figs/EMP173Ord-1.pdf>] [108pdfTeX warning (ext4): d
estination with the same identifier (name{figure.67}) has been already used, du
plicate ignored

\AtBegShi@Output ...ipout \box \AtBeginShipoutBox 
                                                  \fi \fi 
l.3371 \begin{landscape}
                         <./Figs/EMP173Post-1.pdf>]
<Figs/EMP173StratInv-1.pdf, id=1715, 469.755pt x 325.215pt>
File: Figs/EMP173StratInv-1.pdf Graphic file (type pdf)
<use Figs/EMP173StratInv-1.pdf>
Package pdftex.def Info: Figs/EMP173StratInv-1.pdf  used on input line 3375.
(pdftex.def)             Requested size: 469.75386pt x 325.2142pt.
[109pdfTeX warning (ext4): destination with the same identifier (name{figure.68
}) has been already used, duplicate ignored

\AtBegShi@Output ...ipout \box \AtBeginShipoutBox 
                                                  \fi \fi 
l.3380 \end{landscape}
                       <./Figs/EMP173StratInv-1.pdf>]
<Figs/EMP173RichInv-1.pdf, id=1726, 469.755pt x 325.215pt>
File: Figs/EMP173RichInv-1.pdf Graphic file (type pdf)
<use Figs/EMP173RichInv-1.pdf>
Package pdftex.def Info: Figs/EMP173RichInv-1.pdf  used on input line 3386.
(pdftex.def)             Requested size: 469.75386pt x 325.2142pt.
<Figs/EMP173OrdInv-1.pdf, id=1727, 469.755pt x 325.215pt>
File: Figs/EMP173OrdInv-1.pdf Graphic file (type pdf)
<use Figs/EMP173OrdInv-1.pdf>
Package pdftex.def Info: Figs/EMP173OrdInv-1.pdf  used on input line 3394.
(pdftex.def)             Requested size: 469.75386pt x 325.2142pt.
[110




] [111pdfTeX warning (ext4): destination with the same identifier (name{figure.
69}) has been already used, duplicate ignored

\AtBegShi@Output ...ipout \box \AtBeginShipoutBox 
                                                  \fi \fi 
l.3494 \newpage
                <./Figs/EMP173RichInv-1.pdf>] [112pdfTeX warning (ext4): destin
ation with the same identifier (name{figure.70}) has been already used, duplica
te ignored

\AtBegShi@Output ...ipout \box \AtBeginShipoutBox 
                                                  \fi \fi 
l.3494 \newpage
                <./Figs/EMP173OrdInv-1.pdf>]
<Figs/EMP78WaterPlot-1.pdf, id=1760, 469.755pt x 325.215pt>
File: Figs/EMP78WaterPlot-1.pdf Graphic file (type pdf)
<use Figs/EMP78WaterPlot-1.pdf>
Package pdftex.def Info: Figs/EMP78WaterPlot-1.pdf  used on input line 3576.
(pdftex.def)             Requested size: 469.75386pt x 325.2142pt.
[113] [114pdfTeX warning (ext4): destination with the same identifier (name{fig
ure.71}) has been already used, duplicate ignored

\AtBegShi@Output ...ipout \box \AtBeginShipoutBox 
                                                  \fi \fi 
l.3601 \newpage
                <./Figs/EMP78WaterPlot-1.pdf>] [115pdfTeX warning (ext4): desti
nation with the same identifier (name{table.25}) has been already used, duplica
te ignored

\AtBegShi@Output ...ipout \box \AtBeginShipoutBox 
                                                  \fi \fi 
l.3603 \begin{landscape}
                        ]
<Figs/EMP78Strat-1.pdf, id=1793, 722.7pt x 325.215pt>
File: Figs/EMP78Strat-1.pdf Graphic file (type pdf)
<use Figs/EMP78Strat-1.pdf>
Package pdftex.def Info: Figs/EMP78Strat-1.pdf  used on input line 3607.
(pdftex.def)             Requested size: 650.43501pt x 292.69576pt.
[116pdfTeX warning (ext4): destination with the same identifier (name{figure.72
}) has been already used, duplicate ignored

\AtBegShi@Output ...ipout \box \AtBeginShipoutBox 
                                                  \fi \fi 
l.3613 \end{landscape}
                       <./Figs/EMP78Strat-1.pdf>]
<Figs/EMP78Ord-1.pdf, id=1803, 469.755pt x 325.215pt>
File: Figs/EMP78Ord-1.pdf Graphic file (type pdf)
<use Figs/EMP78Ord-1.pdf>
Package pdftex.def Info: Figs/EMP78Ord-1.pdf  used on input line 3619.
(pdftex.def)             Requested size: 469.75386pt x 325.2142pt.
<Figs/EMP78Post-1.pdf, id=1804, 469.755pt x 325.215pt>
File: Figs/EMP78Post-1.pdf Graphic file (type pdf)
<use Figs/EMP78Post-1.pdf>
Package pdftex.def Info: Figs/EMP78Post-1.pdf  used on input line 3628.
(pdftex.def)             Requested size: 469.75386pt x 325.2142pt.

Overfull \hbox (84.41269pt too wide) in alignment at lines 3638--3646
 [] [] [] 
 []


Overfull \hbox (84.41269pt too wide) in alignment at lines 3646--3651
 [] [] [] 
 []


Overfull \hbox (84.41269pt too wide) in alignment at lines 3651--3660
 [] [] [] 
 []

[117


] [118pdfTeX warning (ext4): destination with the same identifier (name{figure.
73}) has been already used, duplicate ignored

\AtBegShi@Output ...ipout \box \AtBeginShipoutBox 
                                                  \fi \fi 
l.3662 \newpage
                <./Figs/EMP78Ord-1.pdf>] [119pdfTeX warning (ext4): destination
 with the same identifier (name{figure.74}) has been already used, duplicate ig
nored

\AtBegShi@Output ...ipout \box \AtBeginShipoutBox 
                                                  \fi \fi 
l.3662 \newpage
                <./Figs/EMP78Post-1.pdf>]
<Figs/MM59BWaterPlot-1.pdf, id=1829, 469.755pt x 325.215pt>
File: Figs/MM59BWaterPlot-1.pdf Graphic file (type pdf)
<use Figs/MM59BWaterPlot-1.pdf>
Package pdftex.def Info: Figs/MM59BWaterPlot-1.pdf  used on input line 3716.
(pdftex.def)             Requested size: 469.75386pt x 325.2142pt.
[120pdfTeX warning (ext4): destination with the same identifier (name{table.27}
) has been already used, duplicate ignored

\AtBegShi@Output ...ipout \box \AtBeginShipoutBox 
                                                  \fi \fi 
l.3736 \newpage
               ] [121pdfTeX warning (ext4): destination with the same identifie
r (name{figure.75}) has been already used, duplicate ignored

\AtBegShi@Output ...ipout \box \AtBeginShipoutBox 
                                                  \fi \fi 
l.3736 \newpage
                <./Figs/MM59BWaterPlot-1.pdf>]
<Figs/PM9WaterPlot-1.pdf, id=1855, 469.755pt x 325.215pt>
File: Figs/PM9WaterPlot-1.pdf Graphic file (type pdf)
<use Figs/PM9WaterPlot-1.pdf>
Package pdftex.def Info: Figs/PM9WaterPlot-1.pdf  used on input line 3793.
(pdftex.def)             Requested size: 469.75386pt x 325.2142pt.
[122pdfTeX warning (ext4): destination with the same identifier (name{table.28}
) has been already used, duplicate ignored

\AtBegShi@Output ...ipout \box \AtBeginShipoutBox 
                                                  \fi \fi 
l.3799 \newpage
               ] [123pdfTeX warning (ext4): destination with the same identifie
r (name{figure.76}) has been already used, duplicate ignored

\AtBegShi@Output ...ipout \box \AtBeginShipoutBox 
                                                  \fi \fi 
l.3799 \newpage
                <./Figs/PM9WaterPlot-1.pdf>]
<Figs/WM1WaterPlot-1.pdf, id=1880, 469.755pt x 325.215pt>
File: Figs/WM1WaterPlot-1.pdf Graphic file (type pdf)
<use Figs/WM1WaterPlot-1.pdf>
Package pdftex.def Info: Figs/WM1WaterPlot-1.pdf  used on input line 3860.
(pdftex.def)             Requested size: 469.75386pt x 325.2142pt.
[124pdfTeX warning (ext4): destination with the same identifier (name{table.29}
) has been already used, duplicate ignored

\AtBegShi@Output ...ipout \box \AtBeginShipoutBox 
                                                  \fi \fi 
l.3937 \newpage
               ] [125pdfTeX warning (ext4): destination with the same identifie
r (name{figure.77}) has been already used, duplicate ignored

\AtBegShi@Output ...ipout \box \AtBeginShipoutBox 
                                                  \fi \fi 
l.3937 \newpage
                <./Figs/WM1WaterPlot-1.pdf>]
<Figs/WM2WaterPlot-1.pdf, id=1906, 469.755pt x 325.215pt>
File: Figs/WM2WaterPlot-1.pdf Graphic file (type pdf)
<use Figs/WM2WaterPlot-1.pdf>
Package pdftex.def Info: Figs/WM2WaterPlot-1.pdf  used on input line 3992.
(pdftex.def)             Requested size: 469.75386pt x 325.2142pt.
[126pdfTeX warning (ext4): destination with the same identifier (name{table.31}
) has been already used, duplicate ignored

\AtBegShi@Output ...ipout \box \AtBeginShipoutBox 
                                                  \fi \fi 
l.4069 \newpage
               ] [127pdfTeX warning (ext4): destination with the same identifie
r (name{figure.78}) has been already used, duplicate ignored

\AtBegShi@Output ...ipout \box \AtBeginShipoutBox 
                                                  \fi \fi 
l.4069 \newpage
                <./Figs/WM2WaterPlot-1.pdf>]
<Figs/WM8WaterPlot-1.pdf, id=1933, 469.755pt x 325.215pt>
File: Figs/WM8WaterPlot-1.pdf Graphic file (type pdf)
<use Figs/WM8WaterPlot-1.pdf>
Package pdftex.def Info: Figs/WM8WaterPlot-1.pdf  used on input line 4124.
(pdftex.def)             Requested size: 469.75386pt x 325.2142pt.
[128pdfTeX warning (ext4): destination with the same identifier (name{table.33}
) has been already used, duplicate ignored

\AtBegShi@Output ...ipout \box \AtBeginShipoutBox 
                                                  \fi \fi 
l.4201 \newpage
               ] [129pdfTeX warning (ext4): destination with the same identifie
r (name{figure.79}) has been already used, duplicate ignored

\AtBegShi@Output ...ipout \box \AtBeginShipoutBox 
                                                  \fi \fi 
l.4201 \newpage
                <./Figs/WM8WaterPlot-1.pdf>]
<Figs/GwelupWaterPlot-1.pdf, id=1962, 469.755pt x 325.215pt>
File: Figs/GwelupWaterPlot-1.pdf Graphic file (type pdf)
<use Figs/GwelupWaterPlot-1.pdf>
Package pdftex.def Info: Figs/GwelupWaterPlot-1.pdf  used on input line 4248.
(pdftex.def)             Requested size: 469.75386pt x 325.2142pt.
[130pdfTeX warning (ext4): destination with the same identifier (name{table.35}
) has been already used, duplicate ignored

\AtBegShi@Output ...ipout \box \AtBeginShipoutBox 
                                                  \fi \fi 
l.4276 \newpage
               ] [131pdfTeX warning (ext4): destination with the same identifie
r (name{figure.80}) has been already used, duplicate ignored

\AtBegShi@Output ...ipout \box \AtBeginShipoutBox 
                                                  \fi \fi 
l.4276 \newpage
                <./Figs/GwelupWaterPlot-1.pdf>]
<Figs/GwelupStrat-1.pdf, id=1990, 722.7pt x 325.215pt>
File: Figs/GwelupStrat-1.pdf Graphic file (type pdf)
<use Figs/GwelupStrat-1.pdf>
Package pdftex.def Info: Figs/GwelupStrat-1.pdf  used on input line 4282.
(pdftex.def)             Requested size: 650.43501pt x 292.69576pt.
[132pdfTeX warning (ext4): destination with the same identifier (name{figure.81
}) has been already used, duplicate ignored

\AtBegShi@Output ...ipout \box \AtBeginShipoutBox 
                                                  \fi \fi 
l.4288 \end{landscape}
                       <./Figs/GwelupStrat-1.pdf>]
<Figs/GwelupOrd-1.pdf, id=2000, 469.755pt x 325.215pt>
File: Figs/GwelupOrd-1.pdf Graphic file (type pdf)
<use Figs/GwelupOrd-1.pdf>
Package pdftex.def Info: Figs/GwelupOrd-1.pdf  used on input line 4294.
(pdftex.def)             Requested size: 469.75386pt x 325.2142pt.
<Figs/GwelupPost-1.pdf, id=2001, 469.755pt x 325.215pt>
File: Figs/GwelupPost-1.pdf Graphic file (type pdf)
<use Figs/GwelupPost-1.pdf>
Package pdftex.def Info: Figs/GwelupPost-1.pdf  used on input line 4303.
(pdftex.def)             Requested size: 469.75386pt x 325.2142pt.
[133


] [134pdfTeX warning (ext4): destination with the same identifier (name{figure.
82}) has been already used, duplicate ignored

\AtBegShi@Output ...ipout \box \AtBeginShipoutBox 
                                                  \fi \fi 
l.4355 \newpage
                <./Figs/GwelupOrd-1.pdf>] [135pdfTeX warning (ext4): destinatio
n with the same identifier (name{figure.83}) has been already used, duplicate i
gnored

\AtBegShi@Output ...ipout \box \AtBeginShipoutBox 
                                                  \fi \fi 
l.4355 \newpage
                <./Figs/GwelupPost-1.pdf>]

LaTeX Warning: Reference `tab:QuinBrookWaterPlot' on page 136 undefined on inpu
t line 4380.

<Figs/QuinBrookWaterPlot-1.pdf, id=2030, 469.755pt x 325.215pt>
File: Figs/QuinBrookWaterPlot-1.pdf Graphic file (type pdf)
<use Figs/QuinBrookWaterPlot-1.pdf>
Package pdftex.def Info: Figs/QuinBrookWaterPlot-1.pdf  used on input line 4425
.
(pdftex.def)             Requested size: 469.75386pt x 325.2142pt.
[136pdfTeX warning (ext4): destination with the same identifier (name{table.37}
) has been already used, duplicate ignored

\AtBegShi@Output ...ipout \box \AtBeginShipoutBox 
                                                  \fi \fi 
l.4432 \newpage
               ] [137pdfTeX warning (ext4): destination with the same identifie
r (name{figure.84}) has been already used, duplicate ignored

\AtBegShi@Output ...ipout \box \AtBeginShipoutBox 
                                                  \fi \fi 
l.4432 \newpage
                <./Figs/QuinBrookWaterPlot-1.pdf>]
<Figs/QuinStrat-1.pdf, id=2056, 722.7pt x 325.215pt>
File: Figs/QuinStrat-1.pdf Graphic file (type pdf)
<use Figs/QuinStrat-1.pdf>
Package pdftex.def Info: Figs/QuinStrat-1.pdf  used on input line 4438.
(pdftex.def)             Requested size: 650.43501pt x 292.69576pt.
[138pdfTeX warning (ext4): destination with the same identifier (name{figure.85
}) has been already used, duplicate ignored

\AtBegShi@Output ...ipout \box \AtBeginShipoutBox 
                                                  \fi \fi 
l.4444 \end{landscape}
                       <./Figs/QuinStrat-1.pdf>]
<Figs/QuinOrd-1.pdf, id=2066, 469.755pt x 325.215pt>
File: Figs/QuinOrd-1.pdf Graphic file (type pdf)
<use Figs/QuinOrd-1.pdf>
Package pdftex.def Info: Figs/QuinOrd-1.pdf  used on input line 4450.
(pdftex.def)             Requested size: 469.75386pt x 325.2142pt.
<Figs/QuinPost-1.pdf, id=2067, 469.755pt x 325.215pt>
File: Figs/QuinPost-1.pdf Graphic file (type pdf)
<use Figs/QuinPost-1.pdf>
Package pdftex.def Info: Figs/QuinPost-1.pdf  used on input line 4459.
(pdftex.def)             Requested size: 469.75386pt x 325.2142pt.
<Figs/GinginWaterPlot-1.pdf, id=2070, 469.755pt x 325.215pt>
File: Figs/GinginWaterPlot-1.pdf Graphic file (type pdf)
<use Figs/GinginWaterPlot-1.pdf>
Package pdftex.def Info: Figs/GinginWaterPlot-1.pdf  used on input line 4493.
(pdftex.def)             Requested size: 469.75386pt x 325.2142pt.
[139pdfTeX warning (ext4): destination with the same identifier (name{table.38}
) has been already used, duplicate ignored

\AtBegShi@Output ...ipout \box \AtBeginShipoutBox 
                                                  \fi \fi 
l.4518 \newpage
               


] [140pdfTeX warning (ext4): destination with the same identifier (name{figure.
86}) has been already used, duplicate ignored

\AtBegShi@Output ...ipout \box \AtBeginShipoutBox 
                                                  \fi \fi 
l.4518 \newpage
                <./Figs/QuinOrd-1.pdf>] [141pdfTeX warning (ext4): destination 
with the same identifier (name{figure.87}) has been already used, duplicate ign
ored

\AtBegShi@Output ...ipout \box \AtBeginShipoutBox 
                                                  \fi \fi 
l.4518 \newpage
                <./Figs/QuinPost-1.pdf>] [142pdfTeX warning (ext4): destination
 with the same identifier (name{figure.88}) has been already used, duplicate ig
nored

\AtBegShi@Output ...ipout \box \AtBeginShipoutBox 
                                                  \fi \fi 
l.4518 \newpage
                <./Figs/GinginWaterPlot-1.pdf>]
Package atveryend Info: Empty hook `BeforeClearDocument' on input line 4608.
[143]
Package atveryend Info: Empty hook `AfterLastShipout' on input line 4608.
(./Report.aux)
Package atveryend Info: Executing hook `AtVeryEndDocument' on input line 4608.
Package atveryend Info: Executing hook `AtEndAfterFileList' on input line 4608.

Package rerunfilecheck Info: File `Report.out' has not changed.
(rerunfilecheck)             Checksum: 75F32B337B1EFF4D6D90DCB6CDB81583;15882.

LaTeX Warning: There were undefined references.


LaTeX Warning: There were multiply-defined labels.

Package atveryend Info: Empty hook `AtVeryVeryEnd' on input line 4608.
 ) 
Here is how much of TeX's memory you used:
 14906 strings out of 494553
 225113 string characters out of 6176513
 356939 words of memory out of 5000000
 17716 multiletter control sequences out of 15000+600000
 54864 words of font info for 121 fonts, out of 8000000 for 9000
 14 hyphenation exceptions out of 8191
 32i,18n,38p,717b,438s stack positions out of 5000i,500n,10000p,200000b,80000s
{/home/barefootbushman/.TinyTeX/texmf-dist/fonts/enc/dvips/lm/lm-mathit.enc}{
/home/barefootbushman/.TinyTeX/texmf-dist/fonts/enc/dvips/lm/lm-ec.enc}{/home/b
arefootbushman/.TinyTeX/texmf-dist/fonts/enc/dvips/lm/lm-ts1.enc}</home/barefoo
tbushman/.TinyTeX/texmf-dist/fonts/type1/public/lm/lmbx10.pfb></home/barefootbu
shman/.TinyTeX/texmf-dist/fonts/type1/public/lm/lmbx12.pfb></home/barefootbushm
an/.TinyTeX/texmf-dist/fonts/type1/public/lm/lmmi10.pfb></home/barefootbushman/
.TinyTeX/texmf-dist/fonts/type1/public/lm/lmr10.pfb></home/barefootbushman/.Tin
yTeX/texmf-dist/fonts/type1/public/lm/lmr17.pfb></home/barefootbushman/.TinyTeX
/texmf-dist/fonts/type1/public/lm/lmri10.pfb></home/barefootbushman/.TinyTeX/te
xmf-dist/fonts/type1/public/lm/lmri12.pfb>
Output written on Report.pdf (143 pages, 4251626 bytes).
PDF statistics:
 2266 PDF objects out of 2487 (max. 8388607)
 1917 compressed objects within 20 object streams
 481 named destinations out of 1000 (max. 500000)
 11478 words of extra memory for PDF output out of 12000 (max. 10000000)

